Using pre-set license
Built from '2020.3/staging' branch; Version is '2020.3.4f1 (0abb6314276a) revision 703331'; Using compiler version '192528614'; Build Type 'Release'
OS: 'Windows 10 Home Single Language; OS build 19042.1165; Version 2009; 64bit' Language: 'tr' Physical Memory: 16253 MB
BatchMode: 1, IsHumanControllingUs: 0, StartBugReporterOnCrash: 0, Is64bit: 1, IsPro: 0

 COMMAND LINE ARGUMENTS:
C:\Program Files\Unity\Hub\Editor\2020.3.4f1\Editor\Unity.exe
-adb2
-batchMode
-noUpm
-name
AssetImportWorker0
-projectPath
C:/Users/cansa/Desktop/Sonsondungeon
-logFile
Logs/AssetImportWorker0.log
-srvPort
56017
Successfully changed project path to: C:/Users/cansa/Desktop/Sonsondungeon
C:/Users/cansa/Desktop/Sonsondungeon
Using Asset Import Pipeline V2.
Refreshing native plugins compatible for Editor in 23.15 ms, found 0 plugins.
Preloading 0 native plugins for Editor in 0.00 ms.
Initialize engine version: 2020.3.4f1 (0abb6314276a)
[Subsystems] Discovering subsystems at path C:/Program Files/Unity/Hub/Editor/2020.3.4f1/Editor/Data/Resources/UnitySubsystems
[Subsystems] Discovering subsystems at path C:/Users/cansa/Desktop/Sonsondungeon/Assets
GfxDevice: creating device client; threaded=0
Direct3D:
    Version:  Direct3D 11.0 [level 11.1]
    Renderer: NVIDIA GeForce RTX 2060 (ID=0x1f15)
    Vendor:   
    VRAM:     5980 MB
    Driver:   27.21.14.5749
Initialize mono
Mono path[0] = 'C:/Program Files/Unity/Hub/Editor/2020.3.4f1/Editor/Data/Managed'
Mono path[1] = 'C:/Program Files/Unity/Hub/Editor/2020.3.4f1/Editor/Data/MonoBleedingEdge/lib/mono/unityjit'
Mono config path = 'C:/Program Files/Unity/Hub/Editor/2020.3.4f1/Editor/Data/MonoBleedingEdge/etc'
Using monoOptions --debugger-agent=transport=dt_socket,embedding=1,server=y,suspend=n,address=127.0.0.1:56284
Begin MonoManager ReloadAssembly
Registering precompiled unity dll's ...
Register platform support module: C:/Program Files/Unity/Hub/Editor/2020.3.4f1/Editor/Data/PlaybackEngines/WebGLSupport/UnityEditor.WebGL.Extensions.dll
Register platform support module: C:/Program Files/Unity/Hub/Editor/2020.3.4f1/Editor/Data/PlaybackEngines/WindowsStandaloneSupport/UnityEditor.WindowsStandalone.Extensions.dll
Registered in 0.001922 seconds.
Native extension for WindowsStandalone target not found
Native extension for WebGL target not found
Refreshing native plugins compatible for Editor in 21.53 ms, found 0 plugins.
Preloading 0 native plugins for Editor in 0.00 ms.
Mono: successfully reloaded assembly
- Completed reload, in  0.957 seconds
Platform modules already initialized, skipping
Registering precompiled user dll's ...
Registered in 0.000835 seconds.
Begin MonoManager ReloadAssembly
Native extension for WindowsStandalone target not found
Native extension for WebGL target not found
Refreshing native plugins compatible for Editor in 0.22 ms, found 0 plugins.
Preloading 0 native plugins for Editor in 0.00 ms.
Mono: successfully reloaded assembly
- Completed reload, in  0.706 seconds
Platform modules already initialized, skipping
========================================================================
Worker process is ready to serve import requests
Launched and connected shader compiler UnityShaderCompiler.exe after 0.04 seconds
Refreshing native plugins compatible for Editor in 0.20 ms, found 0 plugins.
Preloading 0 native plugins for Editor in 0.00 ms.
Unloading 1128 Unused Serialized files (Serialized files now loaded: 0)
System memory in use before: 57.5 MB.
System memory in use after: 57.6 MB.

Unloading 10 unused Assets to reduce memory usage. Loaded Objects now: 1570.
Total: 2.467800 ms (FindLiveObjects: 0.190500 ms CreateObjectMapping: 0.049100 ms MarkObjects: 2.154200 ms  DeleteObjects: 0.072400 ms)

========================================================================
Received Import Request.
  path: Assets/Scripts/Visualizer.cs
  artifactKey: Guid(790e2c45e0318ac4797223b8504486d6) Importer(815301076,1909f56bfc062723c751e8b465ee728b)
Start importing Assets/Scripts/Visualizer.cs using Guid(790e2c45e0318ac4797223b8504486d6) Importer(815301076,1909f56bfc062723c751e8b465ee728b)  -> (artifact id: 'b9514197f1b908dab4e3050776a8d058') in 0.024761 seconds
  Import took 0.027641 seconds .

========================================================================
Received Prepare
Registering precompiled user dll's ...
Registered in 0.000616 seconds.
Begin MonoManager ReloadAssembly
Native extension for WindowsStandalone target not found
Native extension for WebGL target not found
Refreshing native plugins compatible for Editor in 0.21 ms, found 0 plugins.
Preloading 0 native plugins for Editor in 0.00 ms.
Mono: successfully reloaded assembly
- Completed reload, in  0.654 seconds
Platform modules already initialized, skipping
Refreshing native plugins compatible for Editor in 0.20 ms, found 0 plugins.
Preloading 0 native plugins for Editor in 0.00 ms.
Unloading 1123 Unused Serialized files (Serialized files now loaded: 0)
System memory in use before: 57.4 MB.
System memory in use after: 57.5 MB.

Unloading 5 unused Assets to reduce memory usage. Loaded Objects now: 1573.
Total: 1.629200 ms (FindLiveObjects: 0.183600 ms CreateObjectMapping: 0.026000 ms MarkObjects: 1.352500 ms  DeleteObjects: 0.065500 ms)

========================================================================
Received Prepare
Registering precompiled user dll's ...
Registered in 0.000692 seconds.
Begin MonoManager ReloadAssembly
Native extension for WindowsStandalone target not found
Native extension for WebGL target not found
Refreshing native plugins compatible for Editor in 0.23 ms, found 0 plugins.
Preloading 0 native plugins for Editor in 0.00 ms.
Mono: successfully reloaded assembly
- Completed reload, in  0.642 seconds
Platform modules already initialized, skipping
Refreshing native plugins compatible for Editor in 0.23 ms, found 0 plugins.
Preloading 0 native plugins for Editor in 0.00 ms.
Unloading 1123 Unused Serialized files (Serialized files now loaded: 0)
System memory in use before: 57.5 MB.
System memory in use after: 57.5 MB.

Unloading 5 unused Assets to reduce memory usage. Loaded Objects now: 1576.
Total: 1.661600 ms (FindLiveObjects: 0.232200 ms CreateObjectMapping: 0.049000 ms MarkObjects: 1.319900 ms  DeleteObjects: 0.058700 ms)

========================================================================
Received Prepare
Registering precompiled user dll's ...
Registered in 0.000604 seconds.
Begin MonoManager ReloadAssembly
Native extension for WindowsStandalone target not found
Native extension for WebGL target not found
Refreshing native plugins compatible for Editor in 0.21 ms, found 0 plugins.
Preloading 0 native plugins for Editor in 0.00 ms.
Mono: successfully reloaded assembly
- Completed reload, in  0.646 seconds
Platform modules already initialized, skipping
Refreshing native plugins compatible for Editor in 0.20 ms, found 0 plugins.
Preloading 0 native plugins for Editor in 0.00 ms.
Unloading 1123 Unused Serialized files (Serialized files now loaded: 0)
System memory in use before: 57.5 MB.
System memory in use after: 57.5 MB.

Unloading 5 unused Assets to reduce memory usage. Loaded Objects now: 1579.
Total: 1.973300 ms (FindLiveObjects: 0.144000 ms CreateObjectMapping: 0.026100 ms MarkObjects: 1.737300 ms  DeleteObjects: 0.064700 ms)

========================================================================
Received Prepare
Registering precompiled user dll's ...
Registered in 0.000863 seconds.
Begin MonoManager ReloadAssembly
Native extension for WindowsStandalone target not found
Native extension for WebGL target not found
Refreshing native plugins compatible for Editor in 0.26 ms, found 0 plugins.
Preloading 0 native plugins for Editor in 0.00 ms.
Mono: successfully reloaded assembly
- Completed reload, in  0.705 seconds
Platform modules already initialized, skipping
Refreshing native plugins compatible for Editor in 0.28 ms, found 0 plugins.
Preloading 0 native plugins for Editor in 0.00 ms.
Unloading 1123 Unused Serialized files (Serialized files now loaded: 0)
System memory in use before: 57.5 MB.
System memory in use after: 57.6 MB.

Unloading 5 unused Assets to reduce memory usage. Loaded Objects now: 1582.
Total: 1.843600 ms (FindLiveObjects: 0.177700 ms CreateObjectMapping: 0.027700 ms MarkObjects: 1.579500 ms  DeleteObjects: 0.057600 ms)

========================================================================
Received Prepare
Registering precompiled user dll's ...
Registered in 0.000612 seconds.
Begin MonoManager ReloadAssembly
Native extension for WindowsStandalone target not found
Native extension for WebGL target not found
Refreshing native plugins compatible for Editor in 0.23 ms, found 0 plugins.
Preloading 0 native plugins for Editor in 0.00 ms.
Mono: successfully reloaded assembly
- Completed reload, in  0.698 seconds
Platform modules already initialized, skipping
Refreshing native plugins compatible for Editor in 0.28 ms, found 0 plugins.
Preloading 0 native plugins for Editor in 0.00 ms.
Unloading 1123 Unused Serialized files (Serialized files now loaded: 0)
System memory in use before: 57.5 MB.
System memory in use after: 57.6 MB.

Unloading 5 unused Assets to reduce memory usage. Loaded Objects now: 1585.
Total: 1.714100 ms (FindLiveObjects: 0.149300 ms CreateObjectMapping: 0.024900 ms MarkObjects: 1.477300 ms  DeleteObjects: 0.061700 ms)

========================================================================
Received Prepare
Registering precompiled user dll's ...
Registered in 0.000602 seconds.
Begin MonoManager ReloadAssembly
Native extension for WindowsStandalone target not found
Native extension for WebGL target not found
Refreshing native plugins compatible for Editor in 0.22 ms, found 0 plugins.
Preloading 0 native plugins for Editor in 0.00 ms.
Mono: successfully reloaded assembly
- Completed reload, in  0.651 seconds
Platform modules already initialized, skipping
Refreshing native plugins compatible for Editor in 0.20 ms, found 0 plugins.
Preloading 0 native plugins for Editor in 0.00 ms.
Unloading 1123 Unused Serialized files (Serialized files now loaded: 0)
System memory in use before: 57.5 MB.
System memory in use after: 57.6 MB.

Unloading 5 unused Assets to reduce memory usage. Loaded Objects now: 1588.
Total: 1.676700 ms (FindLiveObjects: 0.178200 ms CreateObjectMapping: 0.029900 ms MarkObjects: 1.411500 ms  DeleteObjects: 0.055800 ms)

========================================================================
Received Prepare
Registering precompiled user dll's ...
Registered in 0.000558 seconds.
Begin MonoManager ReloadAssembly
Native extension for WindowsStandalone target not found
Native extension for WebGL target not found
Refreshing native plugins compatible for Editor in 0.21 ms, found 0 plugins.
Preloading 0 native plugins for Editor in 0.00 ms.
Mono: successfully reloaded assembly
- Completed reload, in  0.680 seconds
Platform modules already initialized, skipping
Refreshing native plugins compatible for Editor in 0.20 ms, found 0 plugins.
Preloading 0 native plugins for Editor in 0.00 ms.
Unloading 1123 Unused Serialized files (Serialized files now loaded: 0)
System memory in use before: 57.5 MB.
System memory in use after: 57.6 MB.

Unloading 5 unused Assets to reduce memory usage. Loaded Objects now: 1591.
Total: 1.816500 ms (FindLiveObjects: 0.193400 ms CreateObjectMapping: 0.030000 ms MarkObjects: 1.522100 ms  DeleteObjects: 0.069700 ms)

========================================================================
Received Prepare
Registering precompiled user dll's ...
Registered in 0.000606 seconds.
Begin MonoManager ReloadAssembly
Native extension for WindowsStandalone target not found
Native extension for WebGL target not found
Refreshing native plugins compatible for Editor in 0.20 ms, found 0 plugins.
Preloading 0 native plugins for Editor in 0.00 ms.
Mono: successfully reloaded assembly
- Completed reload, in  0.653 seconds
Platform modules already initialized, skipping
Refreshing native plugins compatible for Editor in 0.21 ms, found 0 plugins.
Preloading 0 native plugins for Editor in 0.00 ms.
Unloading 1123 Unused Serialized files (Serialized files now loaded: 0)
System memory in use before: 57.5 MB.
System memory in use after: 57.6 MB.

Unloading 5 unused Assets to reduce memory usage. Loaded Objects now: 1594.
Total: 1.942100 ms (FindLiveObjects: 0.215400 ms CreateObjectMapping: 0.051000 ms MarkObjects: 1.607700 ms  DeleteObjects: 0.065900 ms)

========================================================================
Received Import Request.
  Time since last request: 4049.294525 seconds.
  path: Assets/Scripts/SimpleVisualizer.cs
  artifactKey: Guid(a17e1c6aa21582f42969de34aa19f88d) Importer(815301076,1909f56bfc062723c751e8b465ee728b)
Start importing Assets/Scripts/SimpleVisualizer.cs using Guid(a17e1c6aa21582f42969de34aa19f88d) Importer(815301076,1909f56bfc062723c751e8b465ee728b)  -> (artifact id: '1d4786027e659a8a490badfa156e6156') in 0.008610 seconds
  Import took 0.012660 seconds .

========================================================================
Received Import Request.
  Time since last request: 1.306957 seconds.
  path: Assets/Scripts/SimpleVisualizer.cs
  artifactKey: Guid(a17e1c6aa21582f42969de34aa19f88d) Importer(815301076,1909f56bfc062723c751e8b465ee728b)
Start importing Assets/Scripts/SimpleVisualizer.cs using Guid(a17e1c6aa21582f42969de34aa19f88d) Importer(815301076,1909f56bfc062723c751e8b465ee728b)  -> (artifact id: '1d4786027e659a8a490badfa156e6156') in 0.003374 seconds
  Import took 0.005922 seconds .

========================================================================
Received Prepare
Registering precompiled user dll's ...
Registered in 0.000632 seconds.
Begin MonoManager ReloadAssembly
Native extension for WindowsStandalone target not found
Native extension for WebGL target not found
Refreshing native plugins compatible for Editor in 0.21 ms, found 0 plugins.
Preloading 0 native plugins for Editor in 0.00 ms.
Mono: successfully reloaded assembly
- Completed reload, in  0.638 seconds
Platform modules already initialized, skipping
Refreshing native plugins compatible for Editor in 0.20 ms, found 0 plugins.
Preloading 0 native plugins for Editor in 0.00 ms.
Unloading 1123 Unused Serialized files (Serialized files now loaded: 0)
System memory in use before: 57.6 MB.
System memory in use after: 57.6 MB.

Unloading 5 unused Assets to reduce memory usage. Loaded Objects now: 1597.
Total: 1.812200 ms (FindLiveObjects: 0.230400 ms CreateObjectMapping: 0.044700 ms MarkObjects: 1.471500 ms  DeleteObjects: 0.064200 ms)

========================================================================
Received Import Request.
  Time since last request: 616.483744 seconds.
  path: Assets/Scripts/Rules/Rule1.asset
  artifactKey: Guid(e068deb0f9a36c842bcc8637dbc44c3c) Importer(815301076,1909f56bfc062723c751e8b465ee728b)
Start importing Assets/Scripts/Rules/Rule1.asset using Guid(e068deb0f9a36c842bcc8637dbc44c3c) Importer(815301076,1909f56bfc062723c751e8b465ee728b)  -> (artifact id: '88309e0b0cf74a98264193091e6c7cda') in 0.021879 seconds
  Import took 0.024922 seconds .

========================================================================
Received Prepare
Registering precompiled user dll's ...
Registered in 0.000603 seconds.
Begin MonoManager ReloadAssembly
Native extension for WindowsStandalone target not found
Native extension for WebGL target not found
Refreshing native plugins compatible for Editor in 0.21 ms, found 0 plugins.
Preloading 0 native plugins for Editor in 0.00 ms.
Mono: successfully reloaded assembly
- Completed reload, in  0.659 seconds
Platform modules already initialized, skipping
Refreshing native plugins compatible for Editor in 0.20 ms, found 0 plugins.
Preloading 0 native plugins for Editor in 0.00 ms.
Unloading 1123 Unused Serialized files (Serialized files now loaded: 0)
System memory in use before: 57.6 MB.
System memory in use after: 57.6 MB.

Unloading 5 unused Assets to reduce memory usage. Loaded Objects now: 1600.
Total: 1.877700 ms (FindLiveObjects: 0.143600 ms CreateObjectMapping: 0.025200 ms MarkObjects: 1.656000 ms  DeleteObjects: 0.051600 ms)

========================================================================
Received Prepare
Registering precompiled user dll's ...
Registered in 0.000632 seconds.
Begin MonoManager ReloadAssembly
Native extension for WindowsStandalone target not found
Native extension for WebGL target not found
Refreshing native plugins compatible for Editor in 0.21 ms, found 0 plugins.
Preloading 0 native plugins for Editor in 0.00 ms.
Mono: successfully reloaded assembly
- Completed reload, in  0.634 seconds
Platform modules already initialized, skipping
Refreshing native plugins compatible for Editor in 0.20 ms, found 0 plugins.
Preloading 0 native plugins for Editor in 0.00 ms.
Unloading 1123 Unused Serialized files (Serialized files now loaded: 0)
System memory in use before: 57.6 MB.
System memory in use after: 57.7 MB.

Unloading 5 unused Assets to reduce memory usage. Loaded Objects now: 1603.
Total: 2.070800 ms (FindLiveObjects: 0.137900 ms CreateObjectMapping: 0.026000 ms MarkObjects: 1.852900 ms  DeleteObjects: 0.052900 ms)

========================================================================
Received Prepare
Registering precompiled user dll's ...
Registered in 0.000587 seconds.
Begin MonoManager ReloadAssembly
Native extension for WindowsStandalone target not found
Native extension for WebGL target not found
Refreshing native plugins compatible for Editor in 0.21 ms, found 0 plugins.
Preloading 0 native plugins for Editor in 0.00 ms.
Mono: successfully reloaded assembly
- Completed reload, in  0.644 seconds
Platform modules already initialized, skipping
Refreshing native plugins compatible for Editor in 0.20 ms, found 0 plugins.
Preloading 0 native plugins for Editor in 0.00 ms.
Unloading 1123 Unused Serialized files (Serialized files now loaded: 0)
System memory in use before: 57.6 MB.
System memory in use after: 57.7 MB.

Unloading 5 unused Assets to reduce memory usage. Loaded Objects now: 1606.
Total: 2.211200 ms (FindLiveObjects: 0.209600 ms CreateObjectMapping: 0.032900 ms MarkObjects: 1.914900 ms  DeleteObjects: 0.051400 ms)

========================================================================
Received Prepare
Registering precompiled user dll's ...
Registered in 0.000625 seconds.
Begin MonoManager ReloadAssembly
Native extension for WindowsStandalone target not found
Native extension for WebGL target not found
Refreshing native plugins compatible for Editor in 0.21 ms, found 0 plugins.
Preloading 0 native plugins for Editor in 0.00 ms.
Mono: successfully reloaded assembly
- Completed reload, in  0.655 seconds
Platform modules already initialized, skipping
Refreshing native plugins compatible for Editor in 0.21 ms, found 0 plugins.
Preloading 0 native plugins for Editor in 0.00 ms.
Unloading 1123 Unused Serialized files (Serialized files now loaded: 0)
System memory in use before: 57.6 MB.
System memory in use after: 57.7 MB.

Unloading 5 unused Assets to reduce memory usage. Loaded Objects now: 1609.
Total: 2.067200 ms (FindLiveObjects: 0.147000 ms CreateObjectMapping: 0.024900 ms MarkObjects: 1.830500 ms  DeleteObjects: 0.063800 ms)

========================================================================
Received Prepare
Registering precompiled user dll's ...
Registered in 0.000664 seconds.
Begin MonoManager ReloadAssembly
Native extension for WindowsStandalone target not found
Native extension for WebGL target not found
Refreshing native plugins compatible for Editor in 0.21 ms, found 0 plugins.
Preloading 0 native plugins for Editor in 0.00 ms.
Mono: successfully reloaded assembly
- Completed reload, in  0.701 seconds
Platform modules already initialized, skipping
Refreshing native plugins compatible for Editor in 0.28 ms, found 0 plugins.
Preloading 0 native plugins for Editor in 0.00 ms.
Unloading 1123 Unused Serialized files (Serialized files now loaded: 0)
System memory in use before: 57.6 MB.
System memory in use after: 57.7 MB.

Unloading 5 unused Assets to reduce memory usage. Loaded Objects now: 1612.
Total: 2.196100 ms (FindLiveObjects: 0.237800 ms CreateObjectMapping: 0.035800 ms MarkObjects: 1.855900 ms  DeleteObjects: 0.064300 ms)

========================================================================
Received Import Request.
  Time since last request: 3401.598087 seconds.
  path: Assets/Scripts/Room/SsimpleVisualizer.cs
  artifactKey: Guid(bbcca62bbf0dd614aa04f30e3b3a4dbd) Importer(815301076,1909f56bfc062723c751e8b465ee728b)
Start importing Assets/Scripts/Room/SsimpleVisualizer.cs using Guid(bbcca62bbf0dd614aa04f30e3b3a4dbd) Importer(815301076,1909f56bfc062723c751e8b465ee728b)  -> (artifact id: 'c1cdd1c4a9402be3532b4fa32a06fbde') in 0.008354 seconds
  Import took 0.011119 seconds .

========================================================================
Received Prepare
Registering precompiled user dll's ...
Registered in 0.000639 seconds.
Begin MonoManager ReloadAssembly
Native extension for WindowsStandalone target not found
Native extension for WebGL target not found
Refreshing native plugins compatible for Editor in 0.21 ms, found 0 plugins.
Preloading 0 native plugins for Editor in 0.00 ms.
Mono: successfully reloaded assembly
- Completed reload, in  0.630 seconds
Platform modules already initialized, skipping
Refreshing native plugins compatible for Editor in 0.24 ms, found 0 plugins.
Preloading 0 native plugins for Editor in 0.00 ms.
Unloading 1123 Unused Serialized files (Serialized files now loaded: 0)
System memory in use before: 57.6 MB.
System memory in use after: 57.7 MB.

Unloading 5 unused Assets to reduce memory usage. Loaded Objects now: 1615.
Total: 2.245900 ms (FindLiveObjects: 0.266800 ms CreateObjectMapping: 0.074100 ms MarkObjects: 1.847200 ms  DeleteObjects: 0.056000 ms)

========================================================================
Received Prepare
Registering precompiled user dll's ...
Registered in 0.000625 seconds.
Begin MonoManager ReloadAssembly
Native extension for WindowsStandalone target not found
Native extension for WebGL target not found
Refreshing native plugins compatible for Editor in 0.21 ms, found 0 plugins.
Preloading 0 native plugins for Editor in 0.00 ms.
Mono: successfully reloaded assembly
- Completed reload, in  0.636 seconds
Platform modules already initialized, skipping
Refreshing native plugins compatible for Editor in 0.19 ms, found 0 plugins.
Preloading 0 native plugins for Editor in 0.00 ms.
Unloading 1123 Unused Serialized files (Serialized files now loaded: 0)
System memory in use before: 57.6 MB.
System memory in use after: 57.7 MB.

Unloading 5 unused Assets to reduce memory usage. Loaded Objects now: 1618.
Total: 1.813400 ms (FindLiveObjects: 0.214400 ms CreateObjectMapping: 0.049800 ms MarkObjects: 1.486800 ms  DeleteObjects: 0.057500 ms)

========================================================================
Received Prepare
Registering precompiled user dll's ...
Registered in 0.000615 seconds.
Begin MonoManager ReloadAssembly
Native extension for WindowsStandalone target not found
Native extension for WebGL target not found
Refreshing native plugins compatible for Editor in 0.21 ms, found 0 plugins.
Preloading 0 native plugins for Editor in 0.00 ms.
Mono: successfully reloaded assembly
- Completed reload, in  0.659 seconds
Platform modules already initialized, skipping
Refreshing native plugins compatible for Editor in 0.20 ms, found 0 plugins.
Preloading 0 native plugins for Editor in 0.00 ms.
Unloading 1123 Unused Serialized files (Serialized files now loaded: 0)
System memory in use before: 57.6 MB.
System memory in use after: 57.7 MB.

Unloading 5 unused Assets to reduce memory usage. Loaded Objects now: 1621.
Total: 1.867700 ms (FindLiveObjects: 0.145700 ms CreateObjectMapping: 0.025400 ms MarkObjects: 1.623500 ms  DeleteObjects: 0.072000 ms)

========================================================================
Received Prepare
Registering precompiled user dll's ...
Registered in 0.000600 seconds.
Begin MonoManager ReloadAssembly
Native extension for WindowsStandalone target not found
Native extension for WebGL target not found
Refreshing native plugins compatible for Editor in 0.21 ms, found 0 plugins.
Preloading 0 native plugins for Editor in 0.00 ms.
Mono: successfully reloaded assembly
- Completed reload, in  0.627 seconds
Platform modules already initialized, skipping
Refreshing native plugins compatible for Editor in 0.20 ms, found 0 plugins.
Preloading 0 native plugins for Editor in 0.00 ms.
Unloading 1123 Unused Serialized files (Serialized files now loaded: 0)
System memory in use before: 57.6 MB.
System memory in use after: 57.7 MB.

Unloading 5 unused Assets to reduce memory usage. Loaded Objects now: 1624.
Total: 1.728500 ms (FindLiveObjects: 0.148400 ms CreateObjectMapping: 0.025200 ms MarkObjects: 1.484100 ms  DeleteObjects: 0.069400 ms)

========================================================================
Received Prepare
Registering precompiled user dll's ...
Registered in 0.000596 seconds.
Begin MonoManager ReloadAssembly
Native extension for WindowsStandalone target not found
Native extension for WebGL target not found
Refreshing native plugins compatible for Editor in 0.39 ms, found 0 plugins.
Preloading 0 native plugins for Editor in 0.00 ms.
Mono: successfully reloaded assembly
- Completed reload, in  0.630 seconds
Platform modules already initialized, skipping
Refreshing native plugins compatible for Editor in 0.20 ms, found 0 plugins.
Preloading 0 native plugins for Editor in 0.00 ms.
Unloading 1123 Unused Serialized files (Serialized files now loaded: 0)
System memory in use before: 57.6 MB.
System memory in use after: 57.7 MB.

Unloading 5 unused Assets to reduce memory usage. Loaded Objects now: 1627.
Total: 2.128300 ms (FindLiveObjects: 0.249200 ms CreateObjectMapping: 0.066900 ms MarkObjects: 1.758300 ms  DeleteObjects: 0.052600 ms)

========================================================================
Received Prepare
Registering precompiled user dll's ...
Registered in 0.000682 seconds.
Begin MonoManager ReloadAssembly
Native extension for WindowsStandalone target not found
Native extension for WebGL target not found
Refreshing native plugins compatible for Editor in 0.21 ms, found 0 plugins.
Preloading 0 native plugins for Editor in 0.00 ms.
Mono: successfully reloaded assembly
- Completed reload, in  0.646 seconds
Platform modules already initialized, skipping
Refreshing native plugins compatible for Editor in 0.19 ms, found 0 plugins.
Preloading 0 native plugins for Editor in 0.00 ms.
Unloading 1123 Unused Serialized files (Serialized files now loaded: 0)
System memory in use before: 57.6 MB.
System memory in use after: 57.7 MB.

Unloading 5 unused Assets to reduce memory usage. Loaded Objects now: 1630.
Total: 1.784700 ms (FindLiveObjects: 0.197700 ms CreateObjectMapping: 0.028100 ms MarkObjects: 1.494300 ms  DeleteObjects: 0.062700 ms)

========================================================================
Received Prepare
Registering precompiled user dll's ...
Registered in 0.000660 seconds.
Begin MonoManager ReloadAssembly
Native extension for WindowsStandalone target not found
Native extension for WebGL target not found
Refreshing native plugins compatible for Editor in 0.22 ms, found 0 plugins.
Preloading 0 native plugins for Editor in 0.00 ms.
Mono: successfully reloaded assembly
- Completed reload, in  0.630 seconds
Platform modules already initialized, skipping
Refreshing native plugins compatible for Editor in 0.20 ms, found 0 plugins.
Preloading 0 native plugins for Editor in 0.00 ms.
Unloading 1123 Unused Serialized files (Serialized files now loaded: 0)
System memory in use before: 57.6 MB.
System memory in use after: 57.7 MB.

Unloading 5 unused Assets to reduce memory usage. Loaded Objects now: 1633.
Total: 1.682900 ms (FindLiveObjects: 0.189200 ms CreateObjectMapping: 0.047900 ms MarkObjects: 1.389300 ms  DeleteObjects: 0.055400 ms)

========================================================================
Received Import Request.
  Time since last request: 792.038613 seconds.
  path: Assets/Scripts/Room/1Rule1.asset
  artifactKey: Guid(30ce6214a36a5e644a28413471256664) Importer(815301076,1909f56bfc062723c751e8b465ee728b)
Start importing Assets/Scripts/Room/1Rule1.asset using Guid(30ce6214a36a5e644a28413471256664) Importer(815301076,1909f56bfc062723c751e8b465ee728b)  -> (artifact id: 'a195dbd46d5254aa76fc070d1d054ae8') in 0.014764 seconds
  Import took 0.017103 seconds .

========================================================================
Received Prepare
Registering precompiled user dll's ...
Registered in 0.000624 seconds.
Begin MonoManager ReloadAssembly
Native extension for WindowsStandalone target not found
Native extension for WebGL target not found
Refreshing native plugins compatible for Editor in 0.22 ms, found 0 plugins.
Preloading 0 native plugins for Editor in 0.00 ms.
Mono: successfully reloaded assembly
- Completed reload, in  0.630 seconds
Platform modules already initialized, skipping
Refreshing native plugins compatible for Editor in 0.20 ms, found 0 plugins.
Preloading 0 native plugins for Editor in 0.00 ms.
Unloading 1123 Unused Serialized files (Serialized files now loaded: 0)
System memory in use before: 57.6 MB.
System memory in use after: 57.7 MB.

Unloading 5 unused Assets to reduce memory usage. Loaded Objects now: 1636.
Total: 2.322900 ms (FindLiveObjects: 0.224300 ms CreateObjectMapping: 0.046100 ms MarkObjects: 1.994600 ms  DeleteObjects: 0.056700 ms)

========================================================================
Received Prepare
Registering precompiled user dll's ...
Registered in 0.000634 seconds.
Begin MonoManager ReloadAssembly
Native extension for WindowsStandalone target not found
Native extension for WebGL target not found
Refreshing native plugins compatible for Editor in 0.20 ms, found 0 plugins.
Preloading 0 native plugins for Editor in 0.00 ms.
Mono: successfully reloaded assembly
- Completed reload, in  0.647 seconds
Platform modules already initialized, skipping
Refreshing native plugins compatible for Editor in 0.20 ms, found 0 plugins.
Preloading 0 native plugins for Editor in 0.00 ms.
Unloading 1123 Unused Serialized files (Serialized files now loaded: 0)
System memory in use before: 57.6 MB.
System memory in use after: 57.7 MB.

Unloading 5 unused Assets to reduce memory usage. Loaded Objects now: 1639.
Total: 2.668700 ms (FindLiveObjects: 0.538600 ms CreateObjectMapping: 0.086200 ms MarkObjects: 1.985300 ms  DeleteObjects: 0.056300 ms)

========================================================================
Received Prepare
Registering precompiled user dll's ...
Registered in 0.000663 seconds.
Begin MonoManager ReloadAssembly
Native extension for WindowsStandalone target not found
Native extension for WebGL target not found
Refreshing native plugins compatible for Editor in 0.22 ms, found 0 plugins.
Preloading 0 native plugins for Editor in 0.00 ms.
Mono: successfully reloaded assembly
- Completed reload, in  0.668 seconds
Platform modules already initialized, skipping
Refreshing native plugins compatible for Editor in 0.20 ms, found 0 plugins.
Preloading 0 native plugins for Editor in 0.00 ms.
Unloading 1123 Unused Serialized files (Serialized files now loaded: 0)
System memory in use before: 57.7 MB.
System memory in use after: 57.7 MB.

Unloading 5 unused Assets to reduce memory usage. Loaded Objects now: 1642.
Total: 1.762200 ms (FindLiveObjects: 0.174800 ms CreateObjectMapping: 0.027600 ms MarkObjects: 1.509600 ms  DeleteObjects: 0.048800 ms)

========================================================================
Received Prepare
Registering precompiled user dll's ...
Registered in 0.000575 seconds.
Begin MonoManager ReloadAssembly
Native extension for WindowsStandalone target not found
Native extension for WebGL target not found
Refreshing native plugins compatible for Editor in 0.28 ms, found 0 plugins.
Preloading 0 native plugins for Editor in 0.00 ms.
Mono: successfully reloaded assembly
- Completed reload, in  0.645 seconds
Platform modules already initialized, skipping
Refreshing native plugins compatible for Editor in 0.23 ms, found 0 plugins.
Preloading 0 native plugins for Editor in 0.00 ms.
Unloading 1123 Unused Serialized files (Serialized files now loaded: 0)
System memory in use before: 57.7 MB.
System memory in use after: 57.7 MB.

Unloading 5 unused Assets to reduce memory usage. Loaded Objects now: 1645.
Total: 1.566300 ms (FindLiveObjects: 0.172800 ms CreateObjectMapping: 0.027300 ms MarkObjects: 1.310100 ms  DeleteObjects: 0.055100 ms)

========================================================================
Received Prepare
Registering precompiled user dll's ...
Registered in 0.000597 seconds.
Begin MonoManager ReloadAssembly
Native extension for WindowsStandalone target not found
Native extension for WebGL target not found
Refreshing native plugins compatible for Editor in 0.21 ms, found 0 plugins.
Preloading 0 native plugins for Editor in 0.00 ms.
Mono: successfully reloaded assembly
- Completed reload, in  0.638 seconds
Platform modules already initialized, skipping
Refreshing native plugins compatible for Editor in 0.20 ms, found 0 plugins.
Preloading 0 native plugins for Editor in 0.00 ms.
Unloading 1123 Unused Serialized files (Serialized files now loaded: 0)
System memory in use before: 57.7 MB.
System memory in use after: 57.7 MB.

Unloading 5 unused Assets to reduce memory usage. Loaded Objects now: 1648.
Total: 2.006200 ms (FindLiveObjects: 0.299500 ms CreateObjectMapping: 0.048700 ms MarkObjects: 1.603800 ms  DeleteObjects: 0.052200 ms)

========================================================================
Received Prepare
Registering precompiled user dll's ...
Registered in 0.000927 seconds.
Begin MonoManager ReloadAssembly
Native extension for WindowsStandalone target not found
Native extension for WebGL target not found
Refreshing native plugins compatible for Editor in 0.21 ms, found 0 plugins.
Preloading 0 native plugins for Editor in 0.00 ms.
Mono: successfully reloaded assembly
- Completed reload, in  0.676 seconds
Platform modules already initialized, skipping
Refreshing native plugins compatible for Editor in 0.21 ms, found 0 plugins.
Preloading 0 native plugins for Editor in 0.00 ms.
Unloading 1123 Unused Serialized files (Serialized files now loaded: 0)
System memory in use before: 57.7 MB.
System memory in use after: 57.7 MB.

Unloading 5 unused Assets to reduce memory usage. Loaded Objects now: 1651.
Total: 2.106800 ms (FindLiveObjects: 0.238500 ms CreateObjectMapping: 0.056500 ms MarkObjects: 1.726500 ms  DeleteObjects: 0.083800 ms)

========================================================================
Received Prepare
Registering precompiled user dll's ...
Registered in 0.000634 seconds.
Begin MonoManager ReloadAssembly
Native extension for WindowsStandalone target not found
Native extension for WebGL target not found
Refreshing native plugins compatible for Editor in 0.21 ms, found 0 plugins.
Preloading 0 native plugins for Editor in 0.00 ms.
Mono: successfully reloaded assembly
- Completed reload, in  0.649 seconds
Platform modules already initialized, skipping
Refreshing native plugins compatible for Editor in 0.20 ms, found 0 plugins.
Preloading 0 native plugins for Editor in 0.00 ms.
Unloading 1123 Unused Serialized files (Serialized files now loaded: 0)
System memory in use before: 57.7 MB.
System memory in use after: 57.7 MB.

Unloading 5 unused Assets to reduce memory usage. Loaded Objects now: 1654.
Total: 1.893100 ms (FindLiveObjects: 0.336000 ms CreateObjectMapping: 0.073700 ms MarkObjects: 1.429700 ms  DeleteObjects: 0.051100 ms)

========================================================================
Received Prepare
Registering precompiled user dll's ...
Registered in 0.000662 seconds.
Begin MonoManager ReloadAssembly
Native extension for WindowsStandalone target not found
Native extension for WebGL target not found
Refreshing native plugins compatible for Editor in 0.21 ms, found 0 plugins.
Preloading 0 native plugins for Editor in 0.00 ms.
Mono: successfully reloaded assembly
- Completed reload, in  0.662 seconds
Platform modules already initialized, skipping
Refreshing native plugins compatible for Editor in 0.21 ms, found 0 plugins.
Preloading 0 native plugins for Editor in 0.00 ms.
Unloading 1123 Unused Serialized files (Serialized files now loaded: 0)
System memory in use before: 57.7 MB.
System memory in use after: 57.7 MB.

Unloading 5 unused Assets to reduce memory usage. Loaded Objects now: 1657.
Total: 1.535400 ms (FindLiveObjects: 0.160900 ms CreateObjectMapping: 0.027100 ms MarkObjects: 1.291600 ms  DeleteObjects: 0.054900 ms)

========================================================================
Received Import Request.
  Time since last request: 1110.341079 seconds.
  path: ProjectSettings/TagManager.asset
  artifactKey: Guid(00000000000000003000000000000000) Importer(815301076,1909f56bfc062723c751e8b465ee728b)
Start importing ProjectSettings/TagManager.asset using Guid(00000000000000003000000000000000) Importer(815301076,1909f56bfc062723c751e8b465ee728b)  -> (artifact id: '5cdd425f01cf626211dd37e1af0dc49e') in 0.015134 seconds
  Import took 0.017642 seconds .

========================================================================
Received Prepare
Registering precompiled user dll's ...
Registered in 0.000585 seconds.
Begin MonoManager ReloadAssembly
Native extension for WindowsStandalone target not found
Native extension for WebGL target not found
Refreshing native plugins compatible for Editor in 0.24 ms, found 0 plugins.
Preloading 0 native plugins for Editor in 0.00 ms.
Mono: successfully reloaded assembly
- Completed reload, in  0.660 seconds
Platform modules already initialized, skipping
Refreshing native plugins compatible for Editor in 0.22 ms, found 0 plugins.
Preloading 0 native plugins for Editor in 0.00 ms.
Unloading 1123 Unused Serialized files (Serialized files now loaded: 0)
System memory in use before: 57.7 MB.
System memory in use after: 57.8 MB.

Unloading 6 unused Assets to reduce memory usage. Loaded Objects now: 1660.
Total: 1.543500 ms (FindLiveObjects: 0.155200 ms CreateObjectMapping: 0.026400 ms MarkObjects: 1.310000 ms  DeleteObjects: 0.050800 ms)

========================================================================
Received Prepare
Registering precompiled user dll's ...
Registered in 0.000595 seconds.
Begin MonoManager ReloadAssembly
Native extension for WindowsStandalone target not found
Native extension for WebGL target not found
Refreshing native plugins compatible for Editor in 0.27 ms, found 0 plugins.
Preloading 0 native plugins for Editor in 0.00 ms.
Mono: successfully reloaded assembly
- Completed reload, in  0.641 seconds
Platform modules already initialized, skipping
Refreshing native plugins compatible for Editor in 0.20 ms, found 0 plugins.
Preloading 0 native plugins for Editor in 0.00 ms.
Unloading 1123 Unused Serialized files (Serialized files now loaded: 0)
System memory in use before: 57.7 MB.
System memory in use after: 57.8 MB.

Unloading 5 unused Assets to reduce memory usage. Loaded Objects now: 1663.
Total: 1.794700 ms (FindLiveObjects: 0.255500 ms CreateObjectMapping: 0.067200 ms MarkObjects: 1.415200 ms  DeleteObjects: 0.055000 ms)

========================================================================
Received Prepare
Registering precompiled user dll's ...
Registered in 0.001019 seconds.
Begin MonoManager ReloadAssembly
Native extension for WindowsStandalone target not found
Native extension for WebGL target not found
Refreshing native plugins compatible for Editor in 0.23 ms, found 0 plugins.
Preloading 0 native plugins for Editor in 0.00 ms.
Mono: successfully reloaded assembly
- Completed reload, in  0.641 seconds
Platform modules already initialized, skipping
Refreshing native plugins compatible for Editor in 0.20 ms, found 0 plugins.
Preloading 0 native plugins for Editor in 0.00 ms.
Unloading 1123 Unused Serialized files (Serialized files now loaded: 0)
System memory in use before: 57.7 MB.
System memory in use after: 57.8 MB.

Unloading 5 unused Assets to reduce memory usage. Loaded Objects now: 1666.
Total: 2.300100 ms (FindLiveObjects: 0.195700 ms CreateObjectMapping: 0.050400 ms MarkObjects: 1.999700 ms  DeleteObjects: 0.053100 ms)

========================================================================
Received Prepare
Registering precompiled user dll's ...
Registered in 0.000566 seconds.
Begin MonoManager ReloadAssembly
Native extension for WindowsStandalone target not found
Native extension for WebGL target not found
Refreshing native plugins compatible for Editor in 0.21 ms, found 0 plugins.
Preloading 0 native plugins for Editor in 0.00 ms.
Mono: successfully reloaded assembly
- Completed reload, in  0.643 seconds
Platform modules already initialized, skipping
Refreshing native plugins compatible for Editor in 0.20 ms, found 0 plugins.
Preloading 0 native plugins for Editor in 0.00 ms.
Unloading 1123 Unused Serialized files (Serialized files now loaded: 0)
System memory in use before: 57.7 MB.
System memory in use after: 57.8 MB.

Unloading 5 unused Assets to reduce memory usage. Loaded Objects now: 1669.
Total: 1.784000 ms (FindLiveObjects: 0.224600 ms CreateObjectMapping: 0.051100 ms MarkObjects: 1.447000 ms  DeleteObjects: 0.059900 ms)

========================================================================
Received Prepare
Registering precompiled user dll's ...
Registered in 0.000593 seconds.
Begin MonoManager ReloadAssembly
Native extension for WindowsStandalone target not found
Native extension for WebGL target not found
Refreshing native plugins compatible for Editor in 0.21 ms, found 0 plugins.
Preloading 0 native plugins for Editor in 0.00 ms.
Mono: successfully reloaded assembly
- Completed reload, in  0.649 seconds
Platform modules already initialized, skipping
Refreshing native plugins compatible for Editor in 0.21 ms, found 0 plugins.
Preloading 0 native plugins for Editor in 0.00 ms.
Unloading 1123 Unused Serialized files (Serialized files now loaded: 0)
System memory in use before: 57.7 MB.
System memory in use after: 57.8 MB.

Unloading 5 unused Assets to reduce memory usage. Loaded Objects now: 1672.
Total: 1.825300 ms (FindLiveObjects: 0.214300 ms CreateObjectMapping: 0.025700 ms MarkObjects: 1.524600 ms  DeleteObjects: 0.058700 ms)

========================================================================
Received Prepare
Registering precompiled user dll's ...
Registered in 0.000596 seconds.
Begin MonoManager ReloadAssembly
Native extension for WindowsStandalone target not found
Native extension for WebGL target not found
Refreshing native plugins compatible for Editor in 0.21 ms, found 0 plugins.
Preloading 0 native plugins for Editor in 0.00 ms.
Mono: successfully reloaded assembly
- Completed reload, in  0.642 seconds
Platform modules already initialized, skipping
Refreshing native plugins compatible for Editor in 0.20 ms, found 0 plugins.
Preloading 0 native plugins for Editor in 0.00 ms.
Unloading 1123 Unused Serialized files (Serialized files now loaded: 0)
System memory in use before: 57.7 MB.
System memory in use after: 57.8 MB.

Unloading 5 unused Assets to reduce memory usage. Loaded Objects now: 1675.
Total: 1.570600 ms (FindLiveObjects: 0.150200 ms CreateObjectMapping: 0.025500 ms MarkObjects: 1.338600 ms  DeleteObjects: 0.055600 ms)

========================================================================
Received Prepare
Registering precompiled user dll's ...
Registered in 0.000624 seconds.
Begin MonoManager ReloadAssembly
Native extension for WindowsStandalone target not found
Native extension for WebGL target not found
Refreshing native plugins compatible for Editor in 0.21 ms, found 0 plugins.
Preloading 0 native plugins for Editor in 0.00 ms.
Mono: successfully reloaded assembly
- Completed reload, in  0.668 seconds
Platform modules already initialized, skipping
Refreshing native plugins compatible for Editor in 0.26 ms, found 0 plugins.
Preloading 0 native plugins for Editor in 0.00 ms.
Unloading 1123 Unused Serialized files (Serialized files now loaded: 0)
System memory in use before: 57.7 MB.
System memory in use after: 57.8 MB.

Unloading 5 unused Assets to reduce memory usage. Loaded Objects now: 1678.
Total: 1.918200 ms (FindLiveObjects: 0.167900 ms CreateObjectMapping: 0.027300 ms MarkObjects: 1.651900 ms  DeleteObjects: 0.069300 ms)

========================================================================
Received Prepare
Registering precompiled user dll's ...
Registered in 0.000588 seconds.
Begin MonoManager ReloadAssembly
Native extension for WindowsStandalone target not found
Native extension for WebGL target not found
Refreshing native plugins compatible for Editor in 0.21 ms, found 0 plugins.
Preloading 0 native plugins for Editor in 0.00 ms.
Mono: successfully reloaded assembly
- Completed reload, in  0.680 seconds
Platform modules already initialized, skipping
Refreshing native plugins compatible for Editor in 0.20 ms, found 0 plugins.
Preloading 0 native plugins for Editor in 0.00 ms.
Unloading 1123 Unused Serialized files (Serialized files now loaded: 0)
System memory in use before: 57.7 MB.
System memory in use after: 57.8 MB.

Unloading 5 unused Assets to reduce memory usage. Loaded Objects now: 1681.
Total: 2.410000 ms (FindLiveObjects: 0.256000 ms CreateObjectMapping: 0.068500 ms MarkObjects: 2.031400 ms  DeleteObjects: 0.052400 ms)

========================================================================
Received Prepare
Registering precompiled user dll's ...
Registered in 0.000690 seconds.
Begin MonoManager ReloadAssembly
Native extension for WindowsStandalone target not found
Native extension for WebGL target not found
Refreshing native plugins compatible for Editor in 0.21 ms, found 0 plugins.
Preloading 0 native plugins for Editor in 0.00 ms.
Mono: successfully reloaded assembly
- Completed reload, in  0.642 seconds
Platform modules already initialized, skipping
Refreshing native plugins compatible for Editor in 0.22 ms, found 0 plugins.
Preloading 0 native plugins for Editor in 0.00 ms.
Unloading 1123 Unused Serialized files (Serialized files now loaded: 0)
System memory in use before: 57.7 MB.
System memory in use after: 57.8 MB.

Unloading 5 unused Assets to reduce memory usage. Loaded Objects now: 1684.
Total: 1.874600 ms (FindLiveObjects: 0.199800 ms CreateObjectMapping: 0.048400 ms MarkObjects: 1.569500 ms  DeleteObjects: 0.055500 ms)

========================================================================
Received Prepare
Registering precompiled user dll's ...
Registered in 0.000649 seconds.
Begin MonoManager ReloadAssembly
Native extension for WindowsStandalone target not found
Native extension for WebGL target not found
Refreshing native plugins compatible for Editor in 0.22 ms, found 0 plugins.
Preloading 0 native plugins for Editor in 0.00 ms.
Mono: successfully reloaded assembly
- Completed reload, in  0.645 seconds
Platform modules already initialized, skipping
Refreshing native plugins compatible for Editor in 0.20 ms, found 0 plugins.
Preloading 0 native plugins for Editor in 0.00 ms.
Unloading 1123 Unused Serialized files (Serialized files now loaded: 0)
System memory in use before: 57.7 MB.
System memory in use after: 57.8 MB.

Unloading 5 unused Assets to reduce memory usage. Loaded Objects now: 1687.
Total: 2.407700 ms (FindLiveObjects: 0.248500 ms CreateObjectMapping: 0.048300 ms MarkObjects: 2.054500 ms  DeleteObjects: 0.054700 ms)

========================================================================
Received Prepare
Registering precompiled user dll's ...
Registered in 0.000632 seconds.
Begin MonoManager ReloadAssembly
Native extension for WindowsStandalone target not found
Native extension for WebGL target not found
Refreshing native plugins compatible for Editor in 0.21 ms, found 0 plugins.
Preloading 0 native plugins for Editor in 0.00 ms.
Mono: successfully reloaded assembly
- Completed reload, in  0.640 seconds
Platform modules already initialized, skipping
Refreshing native plugins compatible for Editor in 0.21 ms, found 0 plugins.
Preloading 0 native plugins for Editor in 0.00 ms.
Unloading 1123 Unused Serialized files (Serialized files now loaded: 0)
System memory in use before: 57.7 MB.
System memory in use after: 57.8 MB.

Unloading 5 unused Assets to reduce memory usage. Loaded Objects now: 1690.
Total: 1.693100 ms (FindLiveObjects: 0.177200 ms CreateObjectMapping: 0.026400 ms MarkObjects: 1.430700 ms  DeleteObjects: 0.057400 ms)

========================================================================
Received Prepare
Registering precompiled user dll's ...
Registered in 0.000619 seconds.
Begin MonoManager ReloadAssembly
Native extension for WindowsStandalone target not found
Native extension for WebGL target not found
Refreshing native plugins compatible for Editor in 0.28 ms, found 0 plugins.
Preloading 0 native plugins for Editor in 0.00 ms.
Mono: successfully reloaded assembly
- Completed reload, in  0.641 seconds
Platform modules already initialized, skipping
Refreshing native plugins compatible for Editor in 0.20 ms, found 0 plugins.
Preloading 0 native plugins for Editor in 0.00 ms.
Unloading 1123 Unused Serialized files (Serialized files now loaded: 0)
System memory in use before: 57.7 MB.
System memory in use after: 57.8 MB.

Unloading 5 unused Assets to reduce memory usage. Loaded Objects now: 1693.
Total: 1.742100 ms (FindLiveObjects: 0.336900 ms CreateObjectMapping: 0.032100 ms MarkObjects: 1.314400 ms  DeleteObjects: 0.057200 ms)

========================================================================
Received Prepare
Registering precompiled user dll's ...
Registered in 0.000668 seconds.
Begin MonoManager ReloadAssembly
Native extension for WindowsStandalone target not found
Native extension for WebGL target not found
Refreshing native plugins compatible for Editor in 0.22 ms, found 0 plugins.
Preloading 0 native plugins for Editor in 0.00 ms.
Mono: successfully reloaded assembly
- Completed reload, in  0.671 seconds
Platform modules already initialized, skipping
Refreshing native plugins compatible for Editor in 0.20 ms, found 0 plugins.
Preloading 0 native plugins for Editor in 0.00 ms.
Unloading 1123 Unused Serialized files (Serialized files now loaded: 0)
System memory in use before: 57.7 MB.
System memory in use after: 57.8 MB.

Unloading 5 unused Assets to reduce memory usage. Loaded Objects now: 1696.
Total: 2.260000 ms (FindLiveObjects: 0.277500 ms CreateObjectMapping: 0.069500 ms MarkObjects: 1.858400 ms  DeleteObjects: 0.052800 ms)

========================================================================
Received Prepare
Registering precompiled user dll's ...
Registered in 0.000597 seconds.
Begin MonoManager ReloadAssembly
Native extension for WindowsStandalone target not found
Native extension for WebGL target not found
Refreshing native plugins compatible for Editor in 0.21 ms, found 0 plugins.
Preloading 0 native plugins for Editor in 0.00 ms.
Mono: successfully reloaded assembly
- Completed reload, in  0.637 seconds
Platform modules already initialized, skipping
Refreshing native plugins compatible for Editor in 0.20 ms, found 0 plugins.
Preloading 0 native plugins for Editor in 0.00 ms.
Unloading 1123 Unused Serialized files (Serialized files now loaded: 0)
System memory in use before: 57.7 MB.
System memory in use after: 57.8 MB.

Unloading 5 unused Assets to reduce memory usage. Loaded Objects now: 1699.
Total: 2.241000 ms (FindLiveObjects: 0.238600 ms CreateObjectMapping: 0.071500 ms MarkObjects: 1.877100 ms  DeleteObjects: 0.052600 ms)

========================================================================
Received Prepare
Registering precompiled user dll's ...
Registered in 0.000587 seconds.
Begin MonoManager ReloadAssembly
Native extension for WindowsStandalone target not found
Native extension for WebGL target not found
Refreshing native plugins compatible for Editor in 0.21 ms, found 0 plugins.
Preloading 0 native plugins for Editor in 0.00 ms.
Mono: successfully reloaded assembly
- Completed reload, in  0.662 seconds
Platform modules already initialized, skipping
Refreshing native plugins compatible for Editor in 0.20 ms, found 0 plugins.
Preloading 0 native plugins for Editor in 0.00 ms.
Unloading 1123 Unused Serialized files (Serialized files now loaded: 0)
System memory in use before: 57.8 MB.
System memory in use after: 57.8 MB.

Unloading 5 unused Assets to reduce memory usage. Loaded Objects now: 1702.
Total: 2.298700 ms (FindLiveObjects: 0.278800 ms CreateObjectMapping: 0.072900 ms MarkObjects: 1.892600 ms  DeleteObjects: 0.053100 ms)

========================================================================
Received Prepare
Registering precompiled user dll's ...
Registered in 0.000812 seconds.
Begin MonoManager ReloadAssembly
Native extension for WindowsStandalone target not found
Native extension for WebGL target not found
Refreshing native plugins compatible for Editor in 0.20 ms, found 0 plugins.
Preloading 0 native plugins for Editor in 0.00 ms.
Mono: successfully reloaded assembly
- Completed reload, in  0.643 seconds
Platform modules already initialized, skipping
Refreshing native plugins compatible for Editor in 0.20 ms, found 0 plugins.
Preloading 0 native plugins for Editor in 0.00 ms.
Unloading 1123 Unused Serialized files (Serialized files now loaded: 0)
System memory in use before: 57.8 MB.
System memory in use after: 57.8 MB.

Unloading 5 unused Assets to reduce memory usage. Loaded Objects now: 1705.
Total: 2.005300 ms (FindLiveObjects: 0.259500 ms CreateObjectMapping: 0.068900 ms MarkObjects: 1.622200 ms  DeleteObjects: 0.052900 ms)

========================================================================
Received Prepare
Registering precompiled user dll's ...
Registered in 0.000576 seconds.
Begin MonoManager ReloadAssembly
Native extension for WindowsStandalone target not found
Native extension for WebGL target not found
Refreshing native plugins compatible for Editor in 0.22 ms, found 0 plugins.
Preloading 0 native plugins for Editor in 0.00 ms.
Mono: successfully reloaded assembly
- Completed reload, in  0.633 seconds
Platform modules already initialized, skipping
Refreshing native plugins compatible for Editor in 0.20 ms, found 0 plugins.
Preloading 0 native plugins for Editor in 0.00 ms.
Unloading 1123 Unused Serialized files (Serialized files now loaded: 0)
System memory in use before: 57.8 MB.
System memory in use after: 57.8 MB.

Unloading 5 unused Assets to reduce memory usage. Loaded Objects now: 1708.
Total: 2.154200 ms (FindLiveObjects: 0.463000 ms CreateObjectMapping: 0.093400 ms MarkObjects: 1.544100 ms  DeleteObjects: 0.050700 ms)

========================================================================
Received Prepare
Registering precompiled user dll's ...
Registered in 0.000610 seconds.
Begin MonoManager ReloadAssembly
Native extension for WindowsStandalone target not found
Native extension for WebGL target not found
Refreshing native plugins compatible for Editor in 0.20 ms, found 0 plugins.
Preloading 0 native plugins for Editor in 0.00 ms.
Mono: successfully reloaded assembly
- Completed reload, in  0.644 seconds
Platform modules already initialized, skipping
Refreshing native plugins compatible for Editor in 0.20 ms, found 0 plugins.
Preloading 0 native plugins for Editor in 0.00 ms.
Unloading 1123 Unused Serialized files (Serialized files now loaded: 0)
System memory in use before: 57.8 MB.
System memory in use after: 57.8 MB.

Unloading 5 unused Assets to reduce memory usage. Loaded Objects now: 1711.
Total: 1.659200 ms (FindLiveObjects: 0.200600 ms CreateObjectMapping: 0.048800 ms MarkObjects: 1.352500 ms  DeleteObjects: 0.056000 ms)

========================================================================
Received Prepare
Registering precompiled user dll's ...
Registered in 0.000619 seconds.
Begin MonoManager ReloadAssembly
Native extension for WindowsStandalone target not found
Native extension for WebGL target not found
Refreshing native plugins compatible for Editor in 0.20 ms, found 0 plugins.
Preloading 0 native plugins for Editor in 0.00 ms.
Mono: successfully reloaded assembly
- Completed reload, in  0.634 seconds
Platform modules already initialized, skipping
Refreshing native plugins compatible for Editor in 0.20 ms, found 0 plugins.
Preloading 0 native plugins for Editor in 0.00 ms.
Unloading 1123 Unused Serialized files (Serialized files now loaded: 0)
System memory in use before: 57.8 MB.
System memory in use after: 57.8 MB.

Unloading 5 unused Assets to reduce memory usage. Loaded Objects now: 1714.
Total: 2.497500 ms (FindLiveObjects: 0.218600 ms CreateObjectMapping: 0.054600 ms MarkObjects: 2.169600 ms  DeleteObjects: 0.052500 ms)

========================================================================
Received Import Request.
  Time since last request: 4892.081459 seconds.
  path: ProjectSettings/TagManager.asset
  artifactKey: Guid(00000000000000003000000000000000) Importer(815301076,1909f56bfc062723c751e8b465ee728b)
Start importing ProjectSettings/TagManager.asset using Guid(00000000000000003000000000000000) Importer(815301076,1909f56bfc062723c751e8b465ee728b)  -> (artifact id: '2f098a99494a01716d73780f4ff5c985') in 0.013374 seconds
  Import took 0.035837 seconds .

========================================================================
Received Prepare
Registering precompiled user dll's ...
Registered in 0.000667 seconds.
Begin MonoManager ReloadAssembly
Native extension for WindowsStandalone target not found
Native extension for WebGL target not found
Refreshing native plugins compatible for Editor in 0.20 ms, found 0 plugins.
Preloading 0 native plugins for Editor in 0.00 ms.
Mono: successfully reloaded assembly
- Completed reload, in  0.629 seconds
Platform modules already initialized, skipping
Refreshing native plugins compatible for Editor in 0.20 ms, found 0 plugins.
Preloading 0 native plugins for Editor in 0.00 ms.
Unloading 1123 Unused Serialized files (Serialized files now loaded: 0)
System memory in use before: 57.8 MB.
System memory in use after: 57.9 MB.

Unloading 6 unused Assets to reduce memory usage. Loaded Objects now: 1717.
Total: 3.036800 ms (FindLiveObjects: 0.271800 ms CreateObjectMapping: 0.069400 ms MarkObjects: 2.641100 ms  DeleteObjects: 0.052800 ms)

========================================================================
Received Import Request.
  Time since last request: 839.689762 seconds.
  path: Assets/Scripts/Room.prefab
  artifactKey: Guid(26b0908f0195d064d8316a8ffc40b691) Importer(815301076,1909f56bfc062723c751e8b465ee728b)
Start importing Assets/Scripts/Room.prefab using Guid(26b0908f0195d064d8316a8ffc40b691) Importer(815301076,1909f56bfc062723c751e8b465ee728b)  -> (artifact id: '8f52824c0df75acd2fbbbf85cf52eea6') in 0.077525 seconds
  Import took 0.079626 seconds .

