Using pre-set license
Built from '2020.3/staging' branch; Version is '2020.3.4f1 (0abb6314276a) revision 703331'; Using compiler version '192528614'; Build Type 'Release'
OS: 'Windows 10 Home Single Language; OS build 19042.1165; Version 2009; 64bit' Language: 'tr' Physical Memory: 16253 MB
BatchMode: 1, IsHumanControllingUs: 0, StartBugReporterOnCrash: 0, Is64bit: 1, IsPro: 0

 COMMAND LINE ARGUMENTS:
C:\Program Files\Unity\Hub\Editor\2020.3.4f1\Editor\Unity.exe
-adb2
-batchMode
-noUpm
-name
AssetImportWorker0
-projectPath
C:/Users/cansa/Desktop/Sonsondungeon
-logFile
Logs/AssetImportWorker0.log
-srvPort
55121
Successfully changed project path to: C:/Users/cansa/Desktop/Sonsondungeon
C:/Users/cansa/Desktop/Sonsondungeon
Using Asset Import Pipeline V2.
Refreshing native plugins compatible for Editor in 22.36 ms, found 0 plugins.
Preloading 0 native plugins for Editor in 0.00 ms.
Initialize engine version: 2020.3.4f1 (0abb6314276a)
[Subsystems] Discovering subsystems at path C:/Program Files/Unity/Hub/Editor/2020.3.4f1/Editor/Data/Resources/UnitySubsystems
[Subsystems] Discovering subsystems at path C:/Users/cansa/Desktop/Sonsondungeon/Assets
GfxDevice: creating device client; threaded=0
Direct3D:
    Version:  Direct3D 11.0 [level 11.1]
    Renderer: NVIDIA GeForce RTX 2060 (ID=0x1f15)
    Vendor:   
    VRAM:     5980 MB
    Driver:   27.21.14.5749
Initialize mono
Mono path[0] = 'C:/Program Files/Unity/Hub/Editor/2020.3.4f1/Editor/Data/Managed'
Mono path[1] = 'C:/Program Files/Unity/Hub/Editor/2020.3.4f1/Editor/Data/MonoBleedingEdge/lib/mono/unityjit'
Mono config path = 'C:/Program Files/Unity/Hub/Editor/2020.3.4f1/Editor/Data/MonoBleedingEdge/etc'
Using monoOptions --debugger-agent=transport=dt_socket,embedding=1,server=y,suspend=n,address=127.0.0.1:56600
Begin MonoManager ReloadAssembly
Registering precompiled unity dll's ...
Register platform support module: C:/Program Files/Unity/Hub/Editor/2020.3.4f1/Editor/Data/PlaybackEngines/WebGLSupport/UnityEditor.WebGL.Extensions.dll
Register platform support module: C:/Program Files/Unity/Hub/Editor/2020.3.4f1/Editor/Data/PlaybackEngines/WindowsStandaloneSupport/UnityEditor.WindowsStandalone.Extensions.dll
Registered in 0.002043 seconds.
Native extension for WindowsStandalone target not found
Native extension for WebGL target not found
Refreshing native plugins compatible for Editor in 24.03 ms, found 0 plugins.
Preloading 0 native plugins for Editor in 0.00 ms.
Mono: successfully reloaded assembly
- Completed reload, in  0.943 seconds
Platform modules already initialized, skipping
Registering precompiled user dll's ...
Registered in 0.000626 seconds.
Begin MonoManager ReloadAssembly
Native extension for WindowsStandalone target not found
Native extension for WebGL target not found
Refreshing native plugins compatible for Editor in 0.24 ms, found 0 plugins.
Preloading 0 native plugins for Editor in 0.00 ms.
Mono: successfully reloaded assembly
- Completed reload, in  0.704 seconds
Platform modules already initialized, skipping
========================================================================
Worker process is ready to serve import requests
Launched and connected shader compiler UnityShaderCompiler.exe after 0.04 seconds
Refreshing native plugins compatible for Editor in 0.20 ms, found 0 plugins.
Preloading 0 native plugins for Editor in 0.00 ms.
Unloading 1124 Unused Serialized files (Serialized files now loaded: 0)
System memory in use before: 57.4 MB.
System memory in use after: 57.5 MB.

Unloading 10 unused Assets to reduce memory usage. Loaded Objects now: 1566.
Total: 1.826300 ms (FindLiveObjects: 0.215000 ms CreateObjectMapping: 0.053900 ms MarkObjects: 1.476300 ms  DeleteObjects: 0.078600 ms)

========================================================================
Received Import Request.
  path: Assets/Models
  artifactKey: Guid(32f671c3133f64340860529b14532e20) Importer(815301076,1909f56bfc062723c751e8b465ee728b)
Start importing Assets/Models using Guid(32f671c3133f64340860529b14532e20) Importer(815301076,1909f56bfc062723c751e8b465ee728b)  -> (artifact id: '9244729985c0fea7a8ca8d090032397a') in 0.006889 seconds
  Import took 0.008616 seconds .

========================================================================
Received Import Request.
  Time since last request: 0.000251 seconds.
  path: Assets/Scenes
  artifactKey: Guid(0b50cd29684de454bb338f984fa4d7fe) Importer(815301076,1909f56bfc062723c751e8b465ee728b)
Start importing Assets/Scenes using Guid(0b50cd29684de454bb338f984fa4d7fe) Importer(815301076,1909f56bfc062723c751e8b465ee728b)  -> (artifact id: 'a422c6bba7b220e83810c519e0c72a6e') in 0.009306 seconds
  Import took 0.010820 seconds .

========================================================================
Received Import Request.
  Time since last request: 0.000225 seconds.
  path: Assets/Materials
  artifactKey: Guid(26fe67c0eff79e940bfe0f3edb7620e2) Importer(815301076,1909f56bfc062723c751e8b465ee728b)
Start importing Assets/Materials using Guid(26fe67c0eff79e940bfe0f3edb7620e2) Importer(815301076,1909f56bfc062723c751e8b465ee728b)  -> (artifact id: '54b5d029f85614ee3a5a0e5637ac3bb9') in 0.006622 seconds
  Import took 0.008344 seconds .

========================================================================
Received Import Request.
  Time since last request: 0.311634 seconds.
  path: Assets/Models/Nature
  artifactKey: Guid(8bd9e396e1b84c543a3ca50c8b78a64e) Importer(815301076,1909f56bfc062723c751e8b465ee728b)
Start importing Assets/Models/Nature using Guid(8bd9e396e1b84c543a3ca50c8b78a64e) Importer(815301076,1909f56bfc062723c751e8b465ee728b)  -> (artifact id: '91b8eabb94e7d76f8de87fd800dccfd8') in 0.006470 seconds
  Import took 0.008741 seconds .

========================================================================
Received Import Request.
  Time since last request: 0.049327 seconds.
  path: Assets/Models/Nature/BirchTree_1.fbx
  artifactKey: Guid(19152e0aac4e4e2489f4b0cb8a1a3051) Importer(815301076,1909f56bfc062723c751e8b465ee728b)
Start importing Assets/Models/Nature/BirchTree_1.fbx using Guid(19152e0aac4e4e2489f4b0cb8a1a3051) Importer(815301076,1909f56bfc062723c751e8b465ee728b)  -> (artifact id: '41fec69150eb530bf53f959e6cf7d347') in 0.192585 seconds
  Import took 0.194486 seconds .

========================================================================
Received Import Request.
  Time since last request: 0.000211 seconds.
  path: Assets/Models/Nature/BirchTree_2.fbx
  artifactKey: Guid(d78f4295d26c81446bdda82fe0682a11) Importer(815301076,1909f56bfc062723c751e8b465ee728b)
Start importing Assets/Models/Nature/BirchTree_2.fbx using Guid(d78f4295d26c81446bdda82fe0682a11) Importer(815301076,1909f56bfc062723c751e8b465ee728b)  -> (artifact id: '29260c8e8dcd3235ac53efcbf8d9f979') in 0.038452 seconds
  Import took 0.040220 seconds .

========================================================================
Received Import Request.
  Time since last request: 0.000259 seconds.
  path: Assets/Models/Nature/BirchTree_5.fbx
  artifactKey: Guid(5c6b3c050bea0034c81558d22af10815) Importer(815301076,1909f56bfc062723c751e8b465ee728b)
Start importing Assets/Models/Nature/BirchTree_5.fbx using Guid(5c6b3c050bea0034c81558d22af10815) Importer(815301076,1909f56bfc062723c751e8b465ee728b)  -> (artifact id: 'f737dee9deb9994db22fa44cff3c996e') in 0.032507 seconds
  Import took 0.034215 seconds .

========================================================================
Received Import Request.
  Time since last request: 0.000212 seconds.
  path: Assets/Models/Nature/BirchTree_3.fbx
  artifactKey: Guid(cda602052a4afee4bad5f1d258c8bfea) Importer(815301076,1909f56bfc062723c751e8b465ee728b)
Start importing Assets/Models/Nature/BirchTree_3.fbx using Guid(cda602052a4afee4bad5f1d258c8bfea) Importer(815301076,1909f56bfc062723c751e8b465ee728b)  -> (artifact id: '6b8f197e8ed31362792f13ac8b059877') in 0.039406 seconds
  Import took 0.041113 seconds .

========================================================================
Received Import Request.
  Time since last request: 0.000217 seconds.
  path: Assets/Models/Nature/BirchTree_4.fbx
  artifactKey: Guid(b83cb466f1888cf4487a044fb0b7e3d6) Importer(815301076,1909f56bfc062723c751e8b465ee728b)
Start importing Assets/Models/Nature/BirchTree_4.fbx using Guid(b83cb466f1888cf4487a044fb0b7e3d6) Importer(815301076,1909f56bfc062723c751e8b465ee728b)  -> (artifact id: 'cdacf72b1e8ccaa2e274ceb6e2d55854') in 0.036115 seconds
  Import took 0.037923 seconds .

========================================================================
Received Prepare
Refreshing native plugins compatible for Editor in 0.63 ms, found 0 plugins.
Preloading 0 native plugins for Editor in 0.00 ms.
Unloading 3 Unused Serialized files (Serialized files now loaded: 0)
System memory in use before: 38.8 MB.
System memory in use after: 38.9 MB.

Unloading 3 unused Assets to reduce memory usage. Loaded Objects now: 1609.
Total: 2.745000 ms (FindLiveObjects: 0.189800 ms CreateObjectMapping: 0.049500 ms MarkObjects: 2.448600 ms  DeleteObjects: 0.055700 ms)

========================================================================
Received Import Request.
  Time since last request: 9.097357 seconds.
  path: Assets/Models/Buildings
  artifactKey: Guid(e41e4d14953975147b8cd4ad4a4b45b5) Importer(815301076,1909f56bfc062723c751e8b465ee728b)
Start importing Assets/Models/Buildings using Guid(e41e4d14953975147b8cd4ad4a4b45b5) Importer(815301076,1909f56bfc062723c751e8b465ee728b)  -> (artifact id: '44c59a0e47a45565e1c88bb7b5ac9f42') in 0.006683 seconds
  Import took 0.008870 seconds .

========================================================================
Received Import Request.
  Time since last request: 0.000374 seconds.
  path: Assets/Models/Buildings
  artifactKey: Guid(e41e4d14953975147b8cd4ad4a4b45b5) Importer(815301076,1909f56bfc062723c751e8b465ee728b)
Start importing Assets/Models/Buildings using Guid(e41e4d14953975147b8cd4ad4a4b45b5) Importer(815301076,1909f56bfc062723c751e8b465ee728b)  -> (artifact id: '44c59a0e47a45565e1c88bb7b5ac9f42') in 0.002017 seconds
  Import took 0.003762 seconds .

========================================================================
Received Import Request.
  Time since last request: 5.796725 seconds.
  path: Assets/Models/Road
  artifactKey: Guid(ba9c57f618acad449a024834cec57bb1) Importer(815301076,1909f56bfc062723c751e8b465ee728b)
Start importing Assets/Models/Road using Guid(ba9c57f618acad449a024834cec57bb1) Importer(815301076,1909f56bfc062723c751e8b465ee728b)  -> (artifact id: 'd036446285f912072af1021425ce0c26') in 0.005568 seconds
  Import took 0.007332 seconds .

========================================================================
Received Import Request.
  Time since last request: 10.406235 seconds.
  path: Assets/Materials/Grass.mat
  artifactKey: Guid(92d46973bb11300409a95c0eb1ec610e) Importer(815301076,1909f56bfc062723c751e8b465ee728b)
Start importing Assets/Materials/Grass.mat using Guid(92d46973bb11300409a95c0eb1ec610e) Importer(815301076,1909f56bfc062723c751e8b465ee728b)  -> (artifact id: '9b82a8545d0d7eb735dbf127643411a2') in 0.020627 seconds
  Import took 0.022923 seconds .

========================================================================
Received Import Request.
  Time since last request: 0.000225 seconds.
  path: Assets/Materials/LineMaterial.mat
  artifactKey: Guid(1b061dac8984c0b47b91c5f4a694d7a1) Importer(815301076,1909f56bfc062723c751e8b465ee728b)
Start importing Assets/Materials/LineMaterial.mat using Guid(1b061dac8984c0b47b91c5f4a694d7a1) Importer(815301076,1909f56bfc062723c751e8b465ee728b)  -> (artifact id: '9fa17a3a80f06abbb254545751399095') in 0.035307 seconds
  Import took 0.036890 seconds .

========================================================================
Received Import Request.
  Time since last request: 4.987168 seconds.
  path: Assets/Prefabs/Apartment1.prefab
  artifactKey: Guid(59ffc13d9fb598240ac517fe6fb6fd9c) Importer(815301076,1909f56bfc062723c751e8b465ee728b)
Start importing Assets/Prefabs/Apartment1.prefab using Guid(59ffc13d9fb598240ac517fe6fb6fd9c) Importer(815301076,1909f56bfc062723c751e8b465ee728b)  -> (artifact id: '0344af1d92075ad9096bd067e1c8c0ae') in 0.008093 seconds
  Import took 0.010807 seconds .

========================================================================
Received Import Request.
  Time since last request: 0.000294 seconds.
  path: Assets/Prefabs/Tree2.prefab
  artifactKey: Guid(d2a45bda926bafc4380d5f071897a5db) Importer(815301076,1909f56bfc062723c751e8b465ee728b)
Start importing Assets/Prefabs/Tree2.prefab using Guid(d2a45bda926bafc4380d5f071897a5db) Importer(815301076,1909f56bfc062723c751e8b465ee728b)  -> (artifact id: '899c6c83a107e0f4ff8bd65c4b1de8fa') in 0.005797 seconds
  Import took 0.007531 seconds .

========================================================================
Received Import Request.
  Time since last request: 0.000290 seconds.
  path: Assets/Prefabs/Tree1.prefab
  artifactKey: Guid(573c753f56bd22b40a79ed4fd9ab8aed) Importer(815301076,1909f56bfc062723c751e8b465ee728b)
Start importing Assets/Prefabs/Tree1.prefab using Guid(573c753f56bd22b40a79ed4fd9ab8aed) Importer(815301076,1909f56bfc062723c751e8b465ee728b)  -> (artifact id: '0220b299a7659e527ab54e517dba60f5') in 0.006745 seconds
  Import took 0.009218 seconds .

========================================================================
Received Import Request.
  Time since last request: 0.000242 seconds.
  path: Assets/Prefabs/Road3Way.prefab
  artifactKey: Guid(315ae3df12eb2cd48be4923c16f3547a) Importer(815301076,1909f56bfc062723c751e8b465ee728b)
Start importing Assets/Prefabs/Road3Way.prefab using Guid(315ae3df12eb2cd48be4923c16f3547a) Importer(815301076,1909f56bfc062723c751e8b465ee728b)  -> (artifact id: 'bc612f3c5fb2f3e2a4a52e50c3f4baab') in 0.006554 seconds
  Import took 0.008782 seconds .

========================================================================
Received Import Request.
  Time since last request: 0.000223 seconds.
  path: Assets/Prefabs/MainHallBuilding.prefab
  artifactKey: Guid(5689e4726bc2a8a48bcc36605fba918e) Importer(815301076,1909f56bfc062723c751e8b465ee728b)
Start importing Assets/Prefabs/MainHallBuilding.prefab using Guid(5689e4726bc2a8a48bcc36605fba918e) Importer(815301076,1909f56bfc062723c751e8b465ee728b)  -> (artifact id: 'fbc77f9d9c65138a724249cc3c51f0a8') in 0.006379 seconds
  Import took 0.008189 seconds .

========================================================================
Received Import Request.
  Time since last request: 0.000189 seconds.
  path: Assets/Prefabs/RoadCorner.prefab
  artifactKey: Guid(50e7e7a62a765c34ca6c22f34f0c28e1) Importer(815301076,1909f56bfc062723c751e8b465ee728b)
Start importing Assets/Prefabs/RoadCorner.prefab using Guid(50e7e7a62a765c34ca6c22f34f0c28e1) Importer(815301076,1909f56bfc062723c751e8b465ee728b)  -> (artifact id: '1b14b6e35c9e89f0091d58236ed79664') in 0.007730 seconds
  Import took 0.009798 seconds .

========================================================================
Received Import Request.
  Time since last request: 0.000208 seconds.
  path: Assets/Prefabs/House1.prefab
  artifactKey: Guid(e4e3476b5a3e23a479a803b108d04c9c) Importer(815301076,1909f56bfc062723c751e8b465ee728b)
Start importing Assets/Prefabs/House1.prefab using Guid(e4e3476b5a3e23a479a803b108d04c9c) Importer(815301076,1909f56bfc062723c751e8b465ee728b)  -> (artifact id: '97be455bc3a16da860ac3b4581d80310') in 0.006861 seconds
  Import took 0.008701 seconds .

========================================================================
Received Import Request.
  Time since last request: 0.000229 seconds.
  path: Assets/Prefabs/RoadStraight.prefab
  artifactKey: Guid(4cc96138ef8c728428d8abdcc0b6f9b1) Importer(815301076,1909f56bfc062723c751e8b465ee728b)
Start importing Assets/Prefabs/RoadStraight.prefab using Guid(4cc96138ef8c728428d8abdcc0b6f9b1) Importer(815301076,1909f56bfc062723c751e8b465ee728b)  -> (artifact id: '7c45505e2691eb992a8a23c0dab2cecb') in 0.006096 seconds
  Import took 0.007840 seconds .

========================================================================
Received Import Request.
  Time since last request: 0.000235 seconds.
  path: Assets/Prefabs/Apartment2.prefab
  artifactKey: Guid(62dd89dfe4948b744ac32fe5d0249467) Importer(815301076,1909f56bfc062723c751e8b465ee728b)
Start importing Assets/Prefabs/Apartment2.prefab using Guid(62dd89dfe4948b744ac32fe5d0249467) Importer(815301076,1909f56bfc062723c751e8b465ee728b)  -> (artifact id: '240d562970579c48eb4e5b96291933b7') in 0.006032 seconds
  Import took 0.007901 seconds .

========================================================================
Received Import Request.
  Time since last request: 0.000238 seconds.
  path: Assets/Prefabs/Tree3.prefab
  artifactKey: Guid(2918e207393839d4da9ffe1bb063b87b) Importer(815301076,1909f56bfc062723c751e8b465ee728b)
Start importing Assets/Prefabs/Tree3.prefab using Guid(2918e207393839d4da9ffe1bb063b87b) Importer(815301076,1909f56bfc062723c751e8b465ee728b)  -> (artifact id: 'd916bdee56b38a43fc15450f4a67e670') in 0.007022 seconds
  Import took 0.009174 seconds .

========================================================================
Received Import Request.
  Time since last request: 0.000154 seconds.
  path: Assets/Prefabs/Tree5.prefab
  artifactKey: Guid(81bfe059d50b91d4697432147ebf4d1a) Importer(815301076,1909f56bfc062723c751e8b465ee728b)
Start importing Assets/Prefabs/Tree5.prefab using Guid(81bfe059d50b91d4697432147ebf4d1a) Importer(815301076,1909f56bfc062723c751e8b465ee728b)  -> (artifact id: 'fc4cef6b44c0f1aa46819f6d66d3bc5a') in 0.006654 seconds
  Import took 0.008416 seconds .

========================================================================
Received Import Request.
  Time since last request: 0.000220 seconds.
  path: Assets/Prefabs/RoadEnd.prefab
  artifactKey: Guid(d293aa27ae6eca54c97ea18b5e7892a0) Importer(815301076,1909f56bfc062723c751e8b465ee728b)
Start importing Assets/Prefabs/RoadEnd.prefab using Guid(d293aa27ae6eca54c97ea18b5e7892a0) Importer(815301076,1909f56bfc062723c751e8b465ee728b)  -> (artifact id: '15124fb5eec1f9fceb19ce1bff3376b8') in 0.006375 seconds
  Import took 0.008109 seconds .

========================================================================
Received Import Request.
  Time since last request: 0.000157 seconds.
  path: Assets/Prefabs/Tree4.prefab
  artifactKey: Guid(80475cdfa7e2f1740b6d1390ad3c04e4) Importer(815301076,1909f56bfc062723c751e8b465ee728b)
Start importing Assets/Prefabs/Tree4.prefab using Guid(80475cdfa7e2f1740b6d1390ad3c04e4) Importer(815301076,1909f56bfc062723c751e8b465ee728b)  -> (artifact id: 'd66674938153d06dfb4dfbd281a51c6f') in 0.005934 seconds
  Import took 0.007729 seconds .

========================================================================
Received Import Request.
  Time since last request: 0.000248 seconds.
  path: Assets/Prefabs/HospitalBuilding.prefab
  artifactKey: Guid(ec611ae9f609edc4cad3995c701a4072) Importer(815301076,1909f56bfc062723c751e8b465ee728b)
Start importing Assets/Prefabs/HospitalBuilding.prefab using Guid(ec611ae9f609edc4cad3995c701a4072) Importer(815301076,1909f56bfc062723c751e8b465ee728b)  -> (artifact id: 'ce5529e09ed3731619af1b54ea8d2e6c') in 0.007638 seconds
  Import took 0.009522 seconds .

========================================================================
Received Import Request.
  Time since last request: 0.000208 seconds.
  path: Assets/Prefabs/Road4Way.prefab
  artifactKey: Guid(42168f3369da5d741b4848f69149e780) Importer(815301076,1909f56bfc062723c751e8b465ee728b)
Start importing Assets/Prefabs/Road4Way.prefab using Guid(42168f3369da5d741b4848f69149e780) Importer(815301076,1909f56bfc062723c751e8b465ee728b)  -> (artifact id: 'fa39144efc175389c7bbf2386567cffb') in 0.006887 seconds
  Import took 0.009235 seconds .

========================================================================
Received Import Request.
  Time since last request: 0.000177 seconds.
  path: Assets/Prefabs/House2.prefab
  artifactKey: Guid(32e5c407a77f7744c866fb16abd37898) Importer(815301076,1909f56bfc062723c751e8b465ee728b)
Start importing Assets/Prefabs/House2.prefab using Guid(32e5c407a77f7744c866fb16abd37898) Importer(815301076,1909f56bfc062723c751e8b465ee728b)  -> (artifact id: 'b884db15134e31c8ae61dc8793755960') in 0.005938 seconds
  Import took 0.007831 seconds .

========================================================================
Received Import Request.
  Time since last request: 28.340956 seconds.
  path: Assets/Scenes/SampleScene.unity
  artifactKey: Guid(9fc0d4010bbf28b4594072e72b8655ab) Importer(815301076,1909f56bfc062723c751e8b465ee728b)
Start importing Assets/Scenes/SampleScene.unity using Guid(9fc0d4010bbf28b4594072e72b8655ab) Importer(815301076,1909f56bfc062723c751e8b465ee728b)  -> (artifact id: '9ff16dd15592505d8be5a4c4d93bcb34') in 0.006033 seconds
  Import took 0.008223 seconds .

========================================================================
Received Import Request.
  Time since last request: 3.747037 seconds.
  path: Assets/Scripts/Rules
  artifactKey: Guid(585849718d2343a40b8e80f973f28c9a) Importer(815301076,1909f56bfc062723c751e8b465ee728b)
Start importing Assets/Scripts/Rules using Guid(585849718d2343a40b8e80f973f28c9a) Importer(815301076,1909f56bfc062723c751e8b465ee728b)  -> (artifact id: '0fe32cf2252a595664b6025d0f032cf5') in 0.005968 seconds
  Import took 0.007777 seconds .

========================================================================
Received Import Request.
  Time since last request: 0.028650 seconds.
  path: Assets/Scripts/Rules/Rule1.asset
  artifactKey: Guid(e068deb0f9a36c842bcc8637dbc44c3c) Importer(815301076,1909f56bfc062723c751e8b465ee728b)
Start importing Assets/Scripts/Rules/Rule1.asset using Guid(e068deb0f9a36c842bcc8637dbc44c3c) Importer(815301076,1909f56bfc062723c751e8b465ee728b)  -> (artifact id: '49550ef90356947bdece9120be6d6e69') in 0.007764 seconds
  Import took 0.010028 seconds .

========================================================================
Received Import Request.
  Time since last request: 0.198778 seconds.
  path: Assets/Scripts/Rules/Rule.cs
  artifactKey: Guid(14f522d8dfef31148bbaf7e916182b6c) Importer(815301076,1909f56bfc062723c751e8b465ee728b)
Start importing Assets/Scripts/Rules/Rule.cs using Guid(14f522d8dfef31148bbaf7e916182b6c) Importer(815301076,1909f56bfc062723c751e8b465ee728b)  -> (artifact id: 'd0499611bb04d75e2acc3fff7f22ef12') in 0.007876 seconds
  Import took 0.010034 seconds .

========================================================================
Received Import Request.
  Time since last request: 0.020238 seconds.
  path: Assets/Scripts/Rules/Rule.cs
  artifactKey: Guid(14f522d8dfef31148bbaf7e916182b6c) Importer(815301076,1909f56bfc062723c751e8b465ee728b)
Start importing Assets/Scripts/Rules/Rule.cs using Guid(14f522d8dfef31148bbaf7e916182b6c) Importer(815301076,1909f56bfc062723c751e8b465ee728b)  -> (artifact id: 'd0499611bb04d75e2acc3fff7f22ef12') in 0.002128 seconds
  Import took 0.004268 seconds .

========================================================================
Received Prepare
Registering precompiled user dll's ...
Registered in 0.000639 seconds.
Begin MonoManager ReloadAssembly
Native extension for WindowsStandalone target not found
Native extension for WebGL target not found
Refreshing native plugins compatible for Editor in 0.21 ms, found 0 plugins.
Preloading 0 native plugins for Editor in 0.00 ms.
Mono: successfully reloaded assembly
- Completed reload, in  0.610 seconds
Platform modules already initialized, skipping
Refreshing native plugins compatible for Editor in 0.20 ms, found 0 plugins.
Preloading 0 native plugins for Editor in 0.00 ms.
Unloading 1119 Unused Serialized files (Serialized files now loaded: 0)
System memory in use before: 60.8 MB.
System memory in use after: 60.9 MB.

Unloading 5 unused Assets to reduce memory usage. Loaded Objects now: 1612.
Total: 2.587400 ms (FindLiveObjects: 0.180600 ms CreateObjectMapping: 0.047200 ms MarkObjects: 2.304100 ms  DeleteObjects: 0.054300 ms)

========================================================================
Received Import Request.
  Time since last request: 446.109356 seconds.
  path: Assets/Scripts/Room
  artifactKey: Guid(1155e3f99c5a7ff4191be289eb11b1f4) Importer(815301076,1909f56bfc062723c751e8b465ee728b)
Start importing Assets/Scripts/Room using Guid(1155e3f99c5a7ff4191be289eb11b1f4) Importer(815301076,1909f56bfc062723c751e8b465ee728b)  -> (artifact id: '2ecf2fe8e9d3d270b3ffc2f9e81951d5') in 0.007701 seconds
  Import took 0.009600 seconds .

========================================================================
Received Import Request.
  Time since last request: 11.163742 seconds.
  path: Assets/Scripts/Room/1Rule1.asset
  artifactKey: Guid(30ce6214a36a5e644a28413471256664) Importer(815301076,1909f56bfc062723c751e8b465ee728b)
Start importing Assets/Scripts/Room/1Rule1.asset using Guid(30ce6214a36a5e644a28413471256664) Importer(815301076,1909f56bfc062723c751e8b465ee728b)  -> (artifact id: '883e07cb7ea8fd52f4bfb081cf343fcc') in 0.003921 seconds
  Import took 0.006069 seconds .

========================================================================
Received Import Request.
  Time since last request: 0.000197 seconds.
  path: Assets/Scripts/Room/1SimpleVisualizer.prefab
  artifactKey: Guid(4eef033e3389ee848ba1cfcd9ff3365f) Importer(815301076,1909f56bfc062723c751e8b465ee728b)
Start importing Assets/Scripts/Room/1SimpleVisualizer.prefab using Guid(4eef033e3389ee848ba1cfcd9ff3365f) Importer(815301076,1909f56bfc062723c751e8b465ee728b)  -> (artifact id: '92f497d34882a6ad4d8f3b5d27cbe296') in 0.020084 seconds
  Import took 0.021797 seconds .

========================================================================
Received Import Request.
  Time since last request: 0.000297 seconds.
  path: Assets/Scripts/Room/1Rule1.asset
  artifactKey: Guid(30ce6214a36a5e644a28413471256664) Importer(815301076,1909f56bfc062723c751e8b465ee728b)
Start importing Assets/Scripts/Room/1Rule1.asset using Guid(30ce6214a36a5e644a28413471256664) Importer(815301076,1909f56bfc062723c751e8b465ee728b)  -> (artifact id: '883e07cb7ea8fd52f4bfb081cf343fcc') in 0.002409 seconds
  Import took 0.004047 seconds .

========================================================================
Received Prepare
Registering precompiled user dll's ...
Registered in 0.000584 seconds.
Begin MonoManager ReloadAssembly
Native extension for WindowsStandalone target not found
Native extension for WebGL target not found
Refreshing native plugins compatible for Editor in 0.22 ms, found 0 plugins.
Preloading 0 native plugins for Editor in 0.00 ms.
Mono: successfully reloaded assembly
- Completed reload, in  0.627 seconds
Platform modules already initialized, skipping
Refreshing native plugins compatible for Editor in 0.20 ms, found 0 plugins.
Preloading 0 native plugins for Editor in 0.00 ms.
Unloading 1123 Unused Serialized files (Serialized files now loaded: 0)
System memory in use before: 61.0 MB.
System memory in use after: 61.0 MB.

Unloading 5 unused Assets to reduce memory usage. Loaded Objects now: 1619.
Total: 2.089400 ms (FindLiveObjects: 0.258300 ms CreateObjectMapping: 0.073100 ms MarkObjects: 1.699000 ms  DeleteObjects: 0.057500 ms)

========================================================================
Received Import Request.
  Time since last request: 11.623119 seconds.
  path: Assets/Scripts/Room/1AgentParameters.cs
  artifactKey: Guid(e6f6f92169688bd44a246f62a601c8da) Importer(815301076,1909f56bfc062723c751e8b465ee728b)
Start importing Assets/Scripts/Room/1AgentParameters.cs using Guid(e6f6f92169688bd44a246f62a601c8da) Importer(815301076,1909f56bfc062723c751e8b465ee728b)  -> (artifact id: '8b3834bcb288d5a96b9060ba33010da6') in 0.005078 seconds
  Import took 0.006930 seconds .

========================================================================
Received Import Request.
  Time since last request: 0.000668 seconds.
  path: Assets/Scripts/Room/1AgentParameters.cs
  artifactKey: Guid(e6f6f92169688bd44a246f62a601c8da) Importer(815301076,1909f56bfc062723c751e8b465ee728b)
Start importing Assets/Scripts/Room/1AgentParameters.cs using Guid(e6f6f92169688bd44a246f62a601c8da) Importer(815301076,1909f56bfc062723c751e8b465ee728b)  -> (artifact id: '8b3834bcb288d5a96b9060ba33010da6') in 0.002197 seconds
  Import took 0.003950 seconds .

========================================================================
Received Prepare
Registering precompiled user dll's ...
Registered in 0.000672 seconds.
Begin MonoManager ReloadAssembly
Native extension for WindowsStandalone target not found
Native extension for WebGL target not found
Refreshing native plugins compatible for Editor in 0.21 ms, found 0 plugins.
Preloading 0 native plugins for Editor in 0.00 ms.
Mono: successfully reloaded assembly
- Completed reload, in  0.629 seconds
Platform modules already initialized, skipping
Refreshing native plugins compatible for Editor in 0.20 ms, found 0 plugins.
Preloading 0 native plugins for Editor in 0.00 ms.
Unloading 1123 Unused Serialized files (Serialized files now loaded: 0)
System memory in use before: 61.0 MB.
System memory in use after: 61.1 MB.

Unloading 5 unused Assets to reduce memory usage. Loaded Objects now: 1622.
Total: 2.466800 ms (FindLiveObjects: 0.285100 ms CreateObjectMapping: 0.056300 ms MarkObjects: 2.070300 ms  DeleteObjects: 0.053600 ms)

========================================================================
Received Import Request.
  Time since last request: 28.829700 seconds.
  path: Assets/Scripts/Room/1AgentParameters.cs
  artifactKey: Guid(e6f6f92169688bd44a246f62a601c8da) Importer(815301076,1909f56bfc062723c751e8b465ee728b)
Start importing Assets/Scripts/Room/1AgentParameters.cs using Guid(e6f6f92169688bd44a246f62a601c8da) Importer(815301076,1909f56bfc062723c751e8b465ee728b)  -> (artifact id: '3e08aa76b036337cfc44609ad4e82331') in 0.003769 seconds
  Import took 0.005831 seconds .

========================================================================
Received Prepare
Registering precompiled user dll's ...
Registered in 0.000595 seconds.
Begin MonoManager ReloadAssembly
Native extension for WindowsStandalone target not found
Native extension for WebGL target not found
Refreshing native plugins compatible for Editor in 0.21 ms, found 0 plugins.
Preloading 0 native plugins for Editor in 0.00 ms.
Mono: successfully reloaded assembly
- Completed reload, in  0.631 seconds
Platform modules already initialized, skipping
Refreshing native plugins compatible for Editor in 0.20 ms, found 0 plugins.
Preloading 0 native plugins for Editor in 0.00 ms.
Unloading 1123 Unused Serialized files (Serialized files now loaded: 0)
System memory in use before: 61.0 MB.
System memory in use after: 61.1 MB.

Unloading 5 unused Assets to reduce memory usage. Loaded Objects now: 1625.
Total: 2.010500 ms (FindLiveObjects: 0.184800 ms CreateObjectMapping: 0.047500 ms MarkObjects: 1.723000 ms  DeleteObjects: 0.053900 ms)

========================================================================
Received Import Request.
  Time since last request: 11.806239 seconds.
  path: Assets/Scripts/Room/1LSystemGenerator.cs
  artifactKey: Guid(5ca1dfaf0120d1540aa99dfc28e696cd) Importer(815301076,1909f56bfc062723c751e8b465ee728b)
Start importing Assets/Scripts/Room/1LSystemGenerator.cs using Guid(5ca1dfaf0120d1540aa99dfc28e696cd) Importer(815301076,1909f56bfc062723c751e8b465ee728b)  -> (artifact id: '9fce3d849f3678d86379a6a5726ecc38') in 0.004655 seconds
  Import took 0.006390 seconds .

========================================================================
Received Import Request.
  Time since last request: 4.627456 seconds.
  path: Assets/Scripts/Room/1Rule.cs
  artifactKey: Guid(5d8257c040682bd42af81c40c242083a) Importer(815301076,1909f56bfc062723c751e8b465ee728b)
Start importing Assets/Scripts/Room/1Rule.cs using Guid(5d8257c040682bd42af81c40c242083a) Importer(815301076,1909f56bfc062723c751e8b465ee728b)  -> (artifact id: '45ed540df2038d075eb57fbd48386733') in 0.002985 seconds
  Import took 0.005064 seconds .

========================================================================
Received Import Request.
  Time since last request: 5.597779 seconds.
  path: Assets/Scripts/Room/1SimpleVisualizer.cs
  artifactKey: Guid(f89fae2d7199bad40ba38c2e99e8af7a) Importer(815301076,1909f56bfc062723c751e8b465ee728b)
Start importing Assets/Scripts/Room/1SimpleVisualizer.cs using Guid(f89fae2d7199bad40ba38c2e99e8af7a) Importer(815301076,1909f56bfc062723c751e8b465ee728b)  -> (artifact id: 'fddeabf37c32fe7f722362919625e6e7') in 0.002264 seconds
  Import took 0.004265 seconds .

========================================================================
Received Import Request.
  Time since last request: 0.001130 seconds.
  path: Assets/Scripts/Room/1SimpleVisualizer.cs
  artifactKey: Guid(f89fae2d7199bad40ba38c2e99e8af7a) Importer(815301076,1909f56bfc062723c751e8b465ee728b)
Start importing Assets/Scripts/Room/1SimpleVisualizer.cs using Guid(f89fae2d7199bad40ba38c2e99e8af7a) Importer(815301076,1909f56bfc062723c751e8b465ee728b)  -> (artifact id: 'fddeabf37c32fe7f722362919625e6e7') in 0.002339 seconds
  Import took 0.004075 seconds .

========================================================================
Received Prepare
Registering precompiled user dll's ...
Registered in 0.000597 seconds.
Begin MonoManager ReloadAssembly
Native extension for WindowsStandalone target not found
Native extension for WebGL target not found
Refreshing native plugins compatible for Editor in 0.22 ms, found 0 plugins.
Preloading 0 native plugins for Editor in 0.00 ms.
Mono: successfully reloaded assembly
- Completed reload, in  0.615 seconds
Platform modules already initialized, skipping
Refreshing native plugins compatible for Editor in 0.20 ms, found 0 plugins.
Preloading 0 native plugins for Editor in 0.00 ms.
Unloading 1124 Unused Serialized files (Serialized files now loaded: 0)
System memory in use before: 61.0 MB.
System memory in use after: 61.1 MB.

Unloading 5 unused Assets to reduce memory usage. Loaded Objects now: 1629.
Total: 1.941000 ms (FindLiveObjects: 0.154200 ms CreateObjectMapping: 0.026100 ms MarkObjects: 1.680500 ms  DeleteObjects: 0.078300 ms)

========================================================================
Received Prepare
Registering precompiled user dll's ...
Registered in 0.000599 seconds.
Begin MonoManager ReloadAssembly
Native extension for WindowsStandalone target not found
Native extension for WebGL target not found
Refreshing native plugins compatible for Editor in 0.22 ms, found 0 plugins.
Preloading 0 native plugins for Editor in 0.00 ms.
Mono: successfully reloaded assembly
- Completed reload, in  0.625 seconds
Platform modules already initialized, skipping
Refreshing native plugins compatible for Editor in 0.20 ms, found 0 plugins.
Preloading 0 native plugins for Editor in 0.00 ms.
Unloading 1124 Unused Serialized files (Serialized files now loaded: 0)
System memory in use before: 61.0 MB.
System memory in use after: 61.1 MB.

Unloading 5 unused Assets to reduce memory usage. Loaded Objects now: 1632.
Total: 1.746800 ms (FindLiveObjects: 0.253800 ms CreateObjectMapping: 0.067200 ms MarkObjects: 1.367900 ms  DeleteObjects: 0.056100 ms)

========================================================================
Received Prepare
Registering precompiled user dll's ...
Registered in 0.000571 seconds.
Begin MonoManager ReloadAssembly
Native extension for WindowsStandalone target not found
Native extension for WebGL target not found
Refreshing native plugins compatible for Editor in 0.20 ms, found 0 plugins.
Preloading 0 native plugins for Editor in 0.00 ms.
Mono: successfully reloaded assembly
- Completed reload, in  0.602 seconds
Platform modules already initialized, skipping
Refreshing native plugins compatible for Editor in 0.20 ms, found 0 plugins.
Preloading 0 native plugins for Editor in 0.00 ms.
Unloading 1124 Unused Serialized files (Serialized files now loaded: 0)
System memory in use before: 61.0 MB.
System memory in use after: 61.1 MB.

Unloading 5 unused Assets to reduce memory usage. Loaded Objects now: 1635.
Total: 1.970500 ms (FindLiveObjects: 0.146500 ms CreateObjectMapping: 0.026500 ms MarkObjects: 1.739100 ms  DeleteObjects: 0.057500 ms)

========================================================================
Received Import Request.
  Time since last request: 380.010198 seconds.
  path: Assets/Scripts/Room/Ssimplevisualizer.cs
  artifactKey: Guid(e61b420f60cd6e7499ff2bf077a34b1d) Importer(815301076,1909f56bfc062723c751e8b465ee728b)
Start importing Assets/Scripts/Room/Ssimplevisualizer.cs using Guid(e61b420f60cd6e7499ff2bf077a34b1d) Importer(815301076,1909f56bfc062723c751e8b465ee728b)  -> (artifact id: '1f6a95053990ede7f01ed9d3839a0d6a') in 0.007152 seconds
  Import took 0.009133 seconds .

========================================================================
Received Prepare
Registering precompiled user dll's ...
Registered in 0.000767 seconds.
Begin MonoManager ReloadAssembly
Native extension for WindowsStandalone target not found
Native extension for WebGL target not found
Refreshing native plugins compatible for Editor in 0.20 ms, found 0 plugins.
Preloading 0 native plugins for Editor in 0.00 ms.
Mono: successfully reloaded assembly
- Completed reload, in  0.614 seconds
Platform modules already initialized, skipping
Refreshing native plugins compatible for Editor in 0.20 ms, found 0 plugins.
Preloading 0 native plugins for Editor in 0.00 ms.
Unloading 1124 Unused Serialized files (Serialized files now loaded: 0)
System memory in use before: 61.0 MB.
System memory in use after: 61.1 MB.

Unloading 5 unused Assets to reduce memory usage. Loaded Objects now: 1638.
Total: 1.825600 ms (FindLiveObjects: 0.425700 ms CreateObjectMapping: 0.049300 ms MarkObjects: 1.294100 ms  DeleteObjects: 0.054800 ms)

========================================================================
Received Import Request.
  Time since last request: 35.582401 seconds.
  path: Assets/Scripts/Room/Ssimplevisualizer.cs
  artifactKey: Guid(e61b420f60cd6e7499ff2bf077a34b1d) Importer(815301076,1909f56bfc062723c751e8b465ee728b)
Start importing Assets/Scripts/Room/Ssimplevisualizer.cs using Guid(e61b420f60cd6e7499ff2bf077a34b1d) Importer(815301076,1909f56bfc062723c751e8b465ee728b)  -> (artifact id: '110ef9eb8108153c90ccde80597ababe') in 0.003718 seconds
  Import took 0.005546 seconds .

========================================================================
Received Prepare
Registering precompiled user dll's ...
Registered in 0.000584 seconds.
Begin MonoManager ReloadAssembly
Native extension for WindowsStandalone target not found
Native extension for WebGL target not found
Refreshing native plugins compatible for Editor in 0.21 ms, found 0 plugins.
Preloading 0 native plugins for Editor in 0.00 ms.
Mono: successfully reloaded assembly
- Completed reload, in  0.617 seconds
Platform modules already initialized, skipping
Refreshing native plugins compatible for Editor in 0.21 ms, found 0 plugins.
Preloading 0 native plugins for Editor in 0.00 ms.
Unloading 1123 Unused Serialized files (Serialized files now loaded: 0)
System memory in use before: 61.0 MB.
System memory in use after: 61.1 MB.

Unloading 6 unused Assets to reduce memory usage. Loaded Objects now: 1640.
Total: 2.136400 ms (FindLiveObjects: 0.195100 ms CreateObjectMapping: 0.048100 ms MarkObjects: 1.829300 ms  DeleteObjects: 0.062600 ms)

========================================================================
Received Import Request.
  Time since last request: 99.430462 seconds.
  path: Assets/Scripts/Room/Rrule.cs
  artifactKey: Guid(5d8257c040682bd42af81c40c242083a) Importer(815301076,1909f56bfc062723c751e8b465ee728b)
Start importing Assets/Scripts/Room/Rrule.cs using Guid(5d8257c040682bd42af81c40c242083a) Importer(815301076,1909f56bfc062723c751e8b465ee728b)  -> (artifact id: '34ee4ff2f64e6dad34738cf352d4e5c7') in 0.007309 seconds
  Import took 0.009222 seconds .

========================================================================
Received Prepare
Registering precompiled user dll's ...
Registered in 0.000598 seconds.
Begin MonoManager ReloadAssembly
Native extension for WindowsStandalone target not found
Native extension for WebGL target not found
Refreshing native plugins compatible for Editor in 0.21 ms, found 0 plugins.
Preloading 0 native plugins for Editor in 0.00 ms.
Mono: successfully reloaded assembly
- Completed reload, in  0.611 seconds
Platform modules already initialized, skipping
Refreshing native plugins compatible for Editor in 0.20 ms, found 0 plugins.
Preloading 0 native plugins for Editor in 0.00 ms.
Unloading 1123 Unused Serialized files (Serialized files now loaded: 0)
System memory in use before: 61.0 MB.
System memory in use after: 61.1 MB.

Unloading 5 unused Assets to reduce memory usage. Loaded Objects now: 1643.
Total: 2.181900 ms (FindLiveObjects: 0.321400 ms CreateObjectMapping: 0.069000 ms MarkObjects: 1.732600 ms  DeleteObjects: 0.057200 ms)

========================================================================
Received Import Request.
  Time since last request: 10.356174 seconds.
  path: Assets/Scripts/Room/LlSystemGenerator.cs
  artifactKey: Guid(5ca1dfaf0120d1540aa99dfc28e696cd) Importer(815301076,1909f56bfc062723c751e8b465ee728b)
Start importing Assets/Scripts/Room/LlSystemGenerator.cs using Guid(5ca1dfaf0120d1540aa99dfc28e696cd) Importer(815301076,1909f56bfc062723c751e8b465ee728b)  -> (artifact id: '334ce7ce097ce24cfb2401197af8ce1c') in 0.008252 seconds
  Import took 0.010098 seconds .

========================================================================
Received Prepare
Registering precompiled user dll's ...
Registered in 0.000586 seconds.
Begin MonoManager ReloadAssembly
Native extension for WindowsStandalone target not found
Native extension for WebGL target not found
Refreshing native plugins compatible for Editor in 0.20 ms, found 0 plugins.
Preloading 0 native plugins for Editor in 0.00 ms.
Mono: successfully reloaded assembly
- Completed reload, in  0.613 seconds
Platform modules already initialized, skipping
Refreshing native plugins compatible for Editor in 0.20 ms, found 0 plugins.
Preloading 0 native plugins for Editor in 0.00 ms.
Unloading 1123 Unused Serialized files (Serialized files now loaded: 0)
System memory in use before: 61.0 MB.
System memory in use after: 61.1 MB.

Unloading 5 unused Assets to reduce memory usage. Loaded Objects now: 1646.
Total: 1.947800 ms (FindLiveObjects: 0.143500 ms CreateObjectMapping: 0.025800 ms MarkObjects: 1.718700 ms  DeleteObjects: 0.058800 ms)

========================================================================
Received Import Request.
  Time since last request: 8.779162 seconds.
  path: Assets/Scripts/Room/AagentParameters.cs
  artifactKey: Guid(e6f6f92169688bd44a246f62a601c8da) Importer(815301076,1909f56bfc062723c751e8b465ee728b)
Start importing Assets/Scripts/Room/AagentParameters.cs using Guid(e6f6f92169688bd44a246f62a601c8da) Importer(815301076,1909f56bfc062723c751e8b465ee728b)  -> (artifact id: 'dfc9049ea960827765dd3d295a5c7c35') in 0.007418 seconds
  Import took 0.009208 seconds .

========================================================================
Received Prepare
Registering precompiled user dll's ...
Registered in 0.000576 seconds.
Begin MonoManager ReloadAssembly
Native extension for WindowsStandalone target not found
Native extension for WebGL target not found
Refreshing native plugins compatible for Editor in 0.20 ms, found 0 plugins.
Preloading 0 native plugins for Editor in 0.00 ms.
Mono: successfully reloaded assembly
- Completed reload, in  0.618 seconds
Platform modules already initialized, skipping
Refreshing native plugins compatible for Editor in 0.20 ms, found 0 plugins.
Preloading 0 native plugins for Editor in 0.00 ms.
Unloading 1123 Unused Serialized files (Serialized files now loaded: 0)
System memory in use before: 61.0 MB.
System memory in use after: 61.1 MB.

Unloading 5 unused Assets to reduce memory usage. Loaded Objects now: 1649.
Total: 2.523900 ms (FindLiveObjects: 0.328500 ms CreateObjectMapping: 0.055100 ms MarkObjects: 2.083200 ms  DeleteObjects: 0.055100 ms)

========================================================================
Received Import Request.
  Time since last request: 58.786400 seconds.
  path: Assets/Scripts/Room/Ssimplevisualizer.cs
  artifactKey: Guid(e61b420f60cd6e7499ff2bf077a34b1d) Importer(815301076,1909f56bfc062723c751e8b465ee728b)
Start importing Assets/Scripts/Room/Ssimplevisualizer.cs using Guid(e61b420f60cd6e7499ff2bf077a34b1d) Importer(815301076,1909f56bfc062723c751e8b465ee728b)  -> (artifact id: '46db9dc4a7fcd277f591f6ed23e98956') in 0.004395 seconds
  Import took 0.006321 seconds .

========================================================================
Received Import Request.
  Time since last request: 34.114858 seconds.
  path: Assets/Scripts/Room/Ssimplevisualizer.cs
  artifactKey: Guid(e61b420f60cd6e7499ff2bf077a34b1d) Importer(815301076,1909f56bfc062723c751e8b465ee728b)
Start importing Assets/Scripts/Room/Ssimplevisualizer.cs using Guid(e61b420f60cd6e7499ff2bf077a34b1d) Importer(815301076,1909f56bfc062723c751e8b465ee728b)  -> (artifact id: 'ebbd009d25928ab1ee59e55abf5a9589') in 0.002137 seconds
  Import took 0.003984 seconds .

========================================================================
Received Import Request.
  Time since last request: 79.178209 seconds.
  path: Assets/Scripts/Room/Rrule.cs
  artifactKey: Guid(5d8257c040682bd42af81c40c242083a) Importer(815301076,1909f56bfc062723c751e8b465ee728b)
Start importing Assets/Scripts/Room/Rrule.cs using Guid(5d8257c040682bd42af81c40c242083a) Importer(815301076,1909f56bfc062723c751e8b465ee728b)  -> (artifact id: '390d560aa5c3a4cf11bccc754f0c6d1e') in 0.002644 seconds
  Import took 0.004610 seconds .

========================================================================
Received Import Request.
  Time since last request: 21.314538 seconds.
  path: Assets/Scripts/Room/LlSystemGenerator.cs
  artifactKey: Guid(5ca1dfaf0120d1540aa99dfc28e696cd) Importer(815301076,1909f56bfc062723c751e8b465ee728b)
Start importing Assets/Scripts/Room/LlSystemGenerator.cs using Guid(5ca1dfaf0120d1540aa99dfc28e696cd) Importer(815301076,1909f56bfc062723c751e8b465ee728b)  -> (artifact id: '622987db230b6a5134231cdbc3581206') in 0.003073 seconds
  Import took 0.005341 seconds .

========================================================================
Received Import Request.
  Time since last request: 11.023466 seconds.
  path: Assets/Scripts/Room/AagentParameters.cs
  artifactKey: Guid(e6f6f92169688bd44a246f62a601c8da) Importer(815301076,1909f56bfc062723c751e8b465ee728b)
Start importing Assets/Scripts/Room/AagentParameters.cs using Guid(e6f6f92169688bd44a246f62a601c8da) Importer(815301076,1909f56bfc062723c751e8b465ee728b)  -> (artifact id: '17feca0e69b6176b014a5feac81230f1') in 0.003326 seconds
  Import took 0.005509 seconds .

========================================================================
Received Import Request.
  Time since last request: 40.918933 seconds.
  path: Assets/Scripts/Room/Ssimplevisualizer.cs
  artifactKey: Guid(e61b420f60cd6e7499ff2bf077a34b1d) Importer(815301076,1909f56bfc062723c751e8b465ee728b)
Start importing Assets/Scripts/Room/Ssimplevisualizer.cs using Guid(e61b420f60cd6e7499ff2bf077a34b1d) Importer(815301076,1909f56bfc062723c751e8b465ee728b)  -> (artifact id: '973508ae991babea727aefe51f78e06d') in 0.003243 seconds
  Import took 0.005098 seconds .

========================================================================
Received Prepare
Registering precompiled user dll's ...
Registered in 0.000565 seconds.
Begin MonoManager ReloadAssembly
Native extension for WindowsStandalone target not found
Native extension for WebGL target not found
Refreshing native plugins compatible for Editor in 0.20 ms, found 0 plugins.
Preloading 0 native plugins for Editor in 0.00 ms.
Mono: successfully reloaded assembly
- Completed reload, in  0.628 seconds
Platform modules already initialized, skipping
Refreshing native plugins compatible for Editor in 0.20 ms, found 0 plugins.
Preloading 0 native plugins for Editor in 0.00 ms.
Unloading 1123 Unused Serialized files (Serialized files now loaded: 0)
System memory in use before: 61.0 MB.
System memory in use after: 61.1 MB.

Unloading 5 unused Assets to reduce memory usage. Loaded Objects now: 1652.
Total: 1.945800 ms (FindLiveObjects: 0.320000 ms CreateObjectMapping: 0.049200 ms MarkObjects: 1.518900 ms  DeleteObjects: 0.055700 ms)

========================================================================
Received Import Request.
  Time since last request: 152.227615 seconds.
  path: Assets/Scripts/Room/Ssimplevisualizer.cs
  artifactKey: Guid(e61b420f60cd6e7499ff2bf077a34b1d) Importer(815301076,1909f56bfc062723c751e8b465ee728b)
Start importing Assets/Scripts/Room/Ssimplevisualizer.cs using Guid(e61b420f60cd6e7499ff2bf077a34b1d) Importer(815301076,1909f56bfc062723c751e8b465ee728b)  -> (artifact id: '8e15dd607967b5bfec199ecd8a91887b') in 0.005131 seconds
  Import took 0.007330 seconds .

========================================================================
Received Import Request.
  Time since last request: 0.001115 seconds.
  path: Assets/Scripts/Room/Ssimplevisualizer.cs
  artifactKey: Guid(e61b420f60cd6e7499ff2bf077a34b1d) Importer(815301076,1909f56bfc062723c751e8b465ee728b)
Start importing Assets/Scripts/Room/Ssimplevisualizer.cs using Guid(e61b420f60cd6e7499ff2bf077a34b1d) Importer(815301076,1909f56bfc062723c751e8b465ee728b)  -> (artifact id: '8e15dd607967b5bfec199ecd8a91887b') in 0.003634 seconds
  Import took 0.005465 seconds .

========================================================================
Received Prepare
Registering precompiled user dll's ...
Registered in 0.000585 seconds.
Begin MonoManager ReloadAssembly
Native extension for WindowsStandalone target not found
Native extension for WebGL target not found
Refreshing native plugins compatible for Editor in 0.21 ms, found 0 plugins.
Preloading 0 native plugins for Editor in 0.00 ms.
Mono: successfully reloaded assembly
- Completed reload, in  0.608 seconds
Platform modules already initialized, skipping
Refreshing native plugins compatible for Editor in 0.20 ms, found 0 plugins.
Preloading 0 native plugins for Editor in 0.00 ms.
Unloading 1123 Unused Serialized files (Serialized files now loaded: 0)
System memory in use before: 61.1 MB.
System memory in use after: 61.1 MB.

Unloading 5 unused Assets to reduce memory usage. Loaded Objects now: 1655.
Total: 2.366300 ms (FindLiveObjects: 0.331400 ms CreateObjectMapping: 0.080200 ms MarkObjects: 1.891100 ms  DeleteObjects: 0.061000 ms)

========================================================================
Received Prepare
Registering precompiled user dll's ...
Registered in 0.000604 seconds.
Begin MonoManager ReloadAssembly
Native extension for WindowsStandalone target not found
Native extension for WebGL target not found
Refreshing native plugins compatible for Editor in 0.20 ms, found 0 plugins.
Preloading 0 native plugins for Editor in 0.00 ms.
Mono: successfully reloaded assembly
- Completed reload, in  0.603 seconds
Platform modules already initialized, skipping
Refreshing native plugins compatible for Editor in 0.20 ms, found 0 plugins.
Preloading 0 native plugins for Editor in 0.00 ms.
Unloading 1122 Unused Serialized files (Serialized files now loaded: 0)
System memory in use before: 61.0 MB.
System memory in use after: 61.1 MB.

Unloading 6 unused Assets to reduce memory usage. Loaded Objects now: 1657.
Total: 1.890500 ms (FindLiveObjects: 0.248500 ms CreateObjectMapping: 0.067100 ms MarkObjects: 1.459400 ms  DeleteObjects: 0.113800 ms)

========================================================================
Received Prepare
Registering precompiled user dll's ...
Registered in 0.000614 seconds.
Begin MonoManager ReloadAssembly
Native extension for WindowsStandalone target not found
Native extension for WebGL target not found
Refreshing native plugins compatible for Editor in 0.21 ms, found 0 plugins.
Preloading 0 native plugins for Editor in 0.00 ms.
Mono: successfully reloaded assembly
- Completed reload, in  0.621 seconds
Platform modules already initialized, skipping
Refreshing native plugins compatible for Editor in 0.20 ms, found 0 plugins.
Preloading 0 native plugins for Editor in 0.00 ms.
Unloading 1123 Unused Serialized files (Serialized files now loaded: 0)
System memory in use before: 61.1 MB.
System memory in use after: 61.1 MB.

Unloading 5 unused Assets to reduce memory usage. Loaded Objects now: 1661.
Total: 2.599900 ms (FindLiveObjects: 0.250400 ms CreateObjectMapping: 0.052200 ms MarkObjects: 2.240700 ms  DeleteObjects: 0.054900 ms)

========================================================================
Received Prepare
Registering precompiled user dll's ...
Registered in 0.000598 seconds.
Begin MonoManager ReloadAssembly
Native extension for WindowsStandalone target not found
Native extension for WebGL target not found
Refreshing native plugins compatible for Editor in 0.32 ms, found 0 plugins.
Preloading 0 native plugins for Editor in 0.00 ms.
Mono: successfully reloaded assembly
- Completed reload, in  0.660 seconds
Platform modules already initialized, skipping
Refreshing native plugins compatible for Editor in 0.20 ms, found 0 plugins.
Preloading 0 native plugins for Editor in 0.00 ms.
Unloading 1123 Unused Serialized files (Serialized files now loaded: 0)
System memory in use before: 61.1 MB.
System memory in use after: 61.1 MB.

Unloading 5 unused Assets to reduce memory usage. Loaded Objects now: 1664.
Total: 1.588000 ms (FindLiveObjects: 0.203800 ms CreateObjectMapping: 0.050100 ms MarkObjects: 1.275300 ms  DeleteObjects: 0.057900 ms)

========================================================================
Received Prepare
Registering precompiled user dll's ...
Registered in 0.000588 seconds.
Begin MonoManager ReloadAssembly
Native extension for WindowsStandalone target not found
Native extension for WebGL target not found
Refreshing native plugins compatible for Editor in 0.20 ms, found 0 plugins.
Preloading 0 native plugins for Editor in 0.00 ms.
Mono: successfully reloaded assembly
- Completed reload, in  0.625 seconds
Platform modules already initialized, skipping
Refreshing native plugins compatible for Editor in 0.20 ms, found 0 plugins.
Preloading 0 native plugins for Editor in 0.00 ms.
Unloading 1123 Unused Serialized files (Serialized files now loaded: 0)
System memory in use before: 61.1 MB.
System memory in use after: 61.1 MB.

Unloading 5 unused Assets to reduce memory usage. Loaded Objects now: 1667.
Total: 1.677300 ms (FindLiveObjects: 0.267200 ms CreateObjectMapping: 0.066500 ms MarkObjects: 1.285800 ms  DeleteObjects: 0.056300 ms)

========================================================================
Received Prepare
Registering precompiled user dll's ...
Registered in 0.000579 seconds.
Begin MonoManager ReloadAssembly
Native extension for WindowsStandalone target not found
Native extension for WebGL target not found
Refreshing native plugins compatible for Editor in 0.21 ms, found 0 plugins.
Preloading 0 native plugins for Editor in 0.00 ms.
Mono: successfully reloaded assembly
- Completed reload, in  0.619 seconds
Platform modules already initialized, skipping
Refreshing native plugins compatible for Editor in 0.20 ms, found 0 plugins.
Preloading 0 native plugins for Editor in 0.00 ms.
Unloading 1123 Unused Serialized files (Serialized files now loaded: 0)
System memory in use before: 61.1 MB.
System memory in use after: 61.1 MB.

Unloading 5 unused Assets to reduce memory usage. Loaded Objects now: 1670.
Total: 1.724000 ms (FindLiveObjects: 0.352000 ms CreateObjectMapping: 0.078000 ms MarkObjects: 1.234900 ms  DeleteObjects: 0.057800 ms)

========================================================================
Received Prepare
Registering precompiled user dll's ...
Registered in 0.000603 seconds.
Begin MonoManager ReloadAssembly
Native extension for WindowsStandalone target not found
Native extension for WebGL target not found
Refreshing native plugins compatible for Editor in 0.20 ms, found 0 plugins.
Preloading 0 native plugins for Editor in 0.00 ms.
Mono: successfully reloaded assembly
- Completed reload, in  0.611 seconds
Platform modules already initialized, skipping
Refreshing native plugins compatible for Editor in 0.21 ms, found 0 plugins.
Preloading 0 native plugins for Editor in 0.00 ms.
Unloading 1123 Unused Serialized files (Serialized files now loaded: 0)
System memory in use before: 61.1 MB.
System memory in use after: 61.2 MB.

Unloading 5 unused Assets to reduce memory usage. Loaded Objects now: 1673.
Total: 1.848200 ms (FindLiveObjects: 0.216600 ms CreateObjectMapping: 0.052500 ms MarkObjects: 1.520000 ms  DeleteObjects: 0.056400 ms)

========================================================================
Received Import Request.
  Time since last request: 362.507311 seconds.
  path: Assets/Scripts/Room/New Material.mat
  artifactKey: Guid(c504203a24231f94b84b40dc52c3e31f) Importer(815301076,1909f56bfc062723c751e8b465ee728b)
Start importing Assets/Scripts/Room/New Material.mat using Guid(c504203a24231f94b84b40dc52c3e31f) Importer(815301076,1909f56bfc062723c751e8b465ee728b)  -> (artifact id: 'be3bfceb172cdaac23b2ae2d4f0e1610') in 0.052543 seconds
  Import took 0.054696 seconds .

========================================================================
Received Import Request.
  Time since last request: 120.810169 seconds.
  path: Assets/Scripts/Room/LlSystemGenerator.cs
  artifactKey: Guid(5ca1dfaf0120d1540aa99dfc28e696cd) Importer(815301076,1909f56bfc062723c751e8b465ee728b)
Start importing Assets/Scripts/Room/LlSystemGenerator.cs using Guid(5ca1dfaf0120d1540aa99dfc28e696cd) Importer(815301076,1909f56bfc062723c751e8b465ee728b)  -> (artifact id: '33e32dc1478b08ccb844dbb45079b152') in 0.002445 seconds
  Import took 0.005829 seconds .

========================================================================
Received Import Request.
  Time since last request: 0.022228 seconds.
  path: Assets/Scripts/Room/LlSystemGenerator.cs
  artifactKey: Guid(5ca1dfaf0120d1540aa99dfc28e696cd) Importer(815301076,1909f56bfc062723c751e8b465ee728b)
Start importing Assets/Scripts/Room/LlSystemGenerator.cs using Guid(5ca1dfaf0120d1540aa99dfc28e696cd) Importer(815301076,1909f56bfc062723c751e8b465ee728b)  -> (artifact id: '33e32dc1478b08ccb844dbb45079b152') in 0.002645 seconds
  Import took 0.004936 seconds .

========================================================================
Received Prepare
Registering precompiled user dll's ...
Registered in 0.000593 seconds.
Begin MonoManager ReloadAssembly
Native extension for WindowsStandalone target not found
Native extension for WebGL target not found
Refreshing native plugins compatible for Editor in 0.21 ms, found 0 plugins.
Preloading 0 native plugins for Editor in 0.00 ms.
Mono: successfully reloaded assembly
- Completed reload, in  0.617 seconds
Platform modules already initialized, skipping
Refreshing native plugins compatible for Editor in 0.20 ms, found 0 plugins.
Preloading 0 native plugins for Editor in 0.00 ms.
Unloading 1123 Unused Serialized files (Serialized files now loaded: 0)
System memory in use before: 61.1 MB.
System memory in use after: 61.2 MB.

Unloading 5 unused Assets to reduce memory usage. Loaded Objects now: 1677.
Total: 2.727300 ms (FindLiveObjects: 0.208100 ms CreateObjectMapping: 0.048900 ms MarkObjects: 2.412600 ms  DeleteObjects: 0.056600 ms)

========================================================================
Received Import Request.
  Time since last request: 471.973192 seconds.
  path: Assets/Scripts/Room/SsimpleVisualizer.cs
  artifactKey: Guid(bbcca62bbf0dd614aa04f30e3b3a4dbd) Importer(815301076,1909f56bfc062723c751e8b465ee728b)
Start importing Assets/Scripts/Room/SsimpleVisualizer.cs using Guid(bbcca62bbf0dd614aa04f30e3b3a4dbd) Importer(815301076,1909f56bfc062723c751e8b465ee728b)  -> (artifact id: '8c085907a161ed2cc638458559f4ac38') in 0.008537 seconds
  Import took 0.010725 seconds .

========================================================================
Received Prepare
Registering precompiled user dll's ...
Registered in 0.000602 seconds.
Begin MonoManager ReloadAssembly
Native extension for WindowsStandalone target not found
Native extension for WebGL target not found
Refreshing native plugins compatible for Editor in 0.20 ms, found 0 plugins.
Preloading 0 native plugins for Editor in 0.00 ms.
Mono: successfully reloaded assembly
- Completed reload, in  0.620 seconds
Platform modules already initialized, skipping
Refreshing native plugins compatible for Editor in 0.20 ms, found 0 plugins.
Preloading 0 native plugins for Editor in 0.00 ms.
Unloading 1123 Unused Serialized files (Serialized files now loaded: 0)
System memory in use before: 61.1 MB.
System memory in use after: 61.2 MB.

Unloading 5 unused Assets to reduce memory usage. Loaded Objects now: 1680.
Total: 2.240000 ms (FindLiveObjects: 0.369600 ms CreateObjectMapping: 0.086700 ms MarkObjects: 1.724900 ms  DeleteObjects: 0.057000 ms)

========================================================================
Received Import Request.
  Time since last request: 22.856688 seconds.
  path: Assets/Scripts/Room/1Rule1.asset
  artifactKey: Guid(30ce6214a36a5e644a28413471256664) Importer(815301076,1909f56bfc062723c751e8b465ee728b)
Start importing Assets/Scripts/Room/1Rule1.asset using Guid(30ce6214a36a5e644a28413471256664) Importer(815301076,1909f56bfc062723c751e8b465ee728b)  -> (artifact id: '06dcb52d2669985b6b2901d194fd2b55') in 0.008649 seconds
  Import took 0.010829 seconds .

AssetImportWorkerClient::OnTransportError - code=2 error=End of file
